[2026-03-31 17:31:26] WARNING: HTTPS без DRUID_CA_CERT_PATH: включен insecure TLS fallback (-k).
[2026-03-31 17:31:26] Druid Coordinator: https://omltd-abyss-sdp2-druid-10.opsmon.sbt:8281
[2026-03-31 17:31:26] Datasources to delete (8): hybrid_process_hybrid eav_process_events eav_process_variables combined_process_main combined_process_variables_indexed compcom_process_main_compact compcom_process_variables_indexed default_process_default
[2026-03-31 17:31:26] Polling timeout: 180s, interval: 3s
[2026-03-31 17:31:26] Curl timeouts: connect=10s, read=60s
[2026-03-31 17:31:26] Log file: /home/portos/logs/clean_druid_remote.log
[2026-03-31 17:31:26] Initially present datasources from target list: 0/8
[2026-03-31 17:31:26] 
[2026-03-31 17:31:26] Datasource: hybrid_process_hybrid | segments_before=-1
[2026-03-31 17:31:26]   Mark unused error: hybrid_process_hybrid (http=401 curl_ec=0 t=0.015675s)
[2026-03-31 17:31:26]   response body: {"error":"Unauthorized request","errorMessage":null,"errorClass":null,"host":"omltd-abyss-sdp2-druid-10.opsmon.sbt"}
[2026-03-31 17:31:26] Datasource: eav_process_events | segments_before=-1
[2026-03-31 17:31:26]   Mark unused error: eav_process_events (http=401 curl_ec=0 t=0.016353s)
[2026-03-31 17:31:26]   response body: {"error":"Unauthorized request","errorMessage":null,"errorClass":null,"host":"omltd-abyss-sdp2-druid-10.opsmon.sbt"}
[2026-03-31 17:31:27] Datasource: eav_process_variables | segments_before=-1
[2026-03-31 17:31:27]   Mark unused error: eav_process_variables (http=401 curl_ec=0 t=0.016545s)
[2026-03-31 17:31:27]   response body: {"error":"Unauthorized request","errorMessage":null,"errorClass":null,"host":"omltd-abyss-sdp2-druid-10.opsmon.sbt"}
[2026-03-31 17:31:27] Datasource: combined_process_main | segments_before=-1
[2026-03-31 17:31:27]   Mark unused error: combined_process_main (http=401 curl_ec=0 t=0.016818s)
[2026-03-31 17:31:27]   response body: {"error":"Unauthorized request","errorMessage":null,"errorClass":null,"host":"omltd-abyss-sdp2-druid-10.opsmon.sbt"}
[2026-03-31 17:31:27] Datasource: combined_process_variables_indexed | segments_before=-1
[2026-03-31 17:31:27]   Mark unused error: combined_process_variables_indexed (http=401 curl_ec=0 t=0.016205s)
[2026-03-31 17:31:27]   response body: {"error":"Unauthorized request","errorMessage":null,"errorClass":null,"host":"omltd-abyss-sdp2-druid-10.opsmon.sbt"}
[2026-03-31 17:31:27] Datasource: compcom_process_main_compact | segments_before=-1
[2026-03-31 17:31:27]   Mark unused error: compcom_process_main_compact (http=401 curl_ec=0 t=0.017008s)
[2026-03-31 17:31:27]   response body: {"error":"Unauthorized request","errorMessage":null,"errorClass":null,"host":"omltd-abyss-sdp2-druid-10.opsmon.sbt"}
[2026-03-31 17:31:27] Datasource: compcom_process_variables_indexed | segments_before=-1
[2026-03-31 17:31:27]   Mark unused error: compcom_process_variables_indexed (http=401 curl_ec=0 t=0.015737s)
[2026-03-31 17:31:27]   response body: {"error":"Unauthorized request","errorMessage":null,"errorClass":null,"host":"omltd-abyss-sdp2-druid-10.opsmon.sbt"}
[2026-03-31 17:31:27] Datasource: default_process_default | segments_before=-1
[2026-03-31 17:31:27]   Mark unused error: default_process_default (http=401 curl_ec=0 t=0.016836s)
[2026-03-31 17:31:27]   response body: {"error":"Unauthorized request","errorMessage":null,"errorClass":null,"host":"omltd-abyss-sdp2-druid-10.opsmon.sbt"}
[2026-03-31 17:31:27] 
[2026-03-31 17:31:27] Remaining datasources after cleanup (full list from coordinator):
[2026-03-31 17:31:27] Cannot load datasource list (http=401 curl_ec=0)
[2026-03-31 17:31:27] 
[2026-03-31 17:31:27] Cleanup metrics:
[2026-03-31 17:31:27]   datasource_total=8
[2026-03-31 17:31:27]   datasource_present_before=0
[2026-03-31 17:31:27]   datasource_present_after=0
[2026-03-31 17:31:27]   mark_ok=0 mark_not_found=0 mark_errors=8
[2026-03-31 17:31:27]   kill_ok=0 kill_not_found=0 kill_errors=0
[2026-03-31 17:31:27]   confirmed_removed=0 remove_timeouts=0
[2026-03-31 17:31:27]   elapsed_seconds=1
[2026-03-31 17:31:27] Done.
