12:46:50.202 [main] INFO  Application - BPM Message Parser for Apache Druid starting...
12:46:50.238 [main] INFO  ru.sber.parser.config.AppConfig - Config resolution: PARSER_CONFIG_PATH=/home/portos/config.yaml, effective path=/home/portos/config.yaml
12:46:50.240 [main] INFO  ru.sber.parser.config.AppConfig - Loading configuration from: /home/portos/config.yaml
12:46:50.822 [main] INFO  ru.sber.parser.config.DruidConfig - Druid configuration loaded:
12:46:50.823 [main] INFO  ru.sber.parser.config.DruidConfig -   Router URL: https://omltd-abyss-sdp2-druid-10.opsmon.sbt:9088
12:46:50.823 [main] INFO  ru.sber.parser.config.DruidConfig -   Broker URL: https://omltd-abyss-sdp2-druid-10.opsmon.sbt:8282
12:46:50.823 [main] INFO  ru.sber.parser.config.DruidConfig -   Coordinator URL: https://omltd-abyss-sdp2-druid-10.opsmon.sbt:8281
12:46:50.823 [main] INFO  ru.sber.parser.config.DruidConfig -   Overlord URL: https://omltd-abyss-sdp2-druid-10.opsmon.sbt:8290
12:46:50.823 [main] INFO  ru.sber.parser.config.DruidConfig -   Auth enabled: true
12:46:50.824 [main] INFO  ru.sber.parser.config.DruidConfig -   Ingest batch size: 1000
12:46:50.824 [main] INFO  ru.sber.parser.config.DruidConfig -   TLS trustStore configured: true
12:46:50.824 [main] INFO  ru.sber.parser.config.DruidConfig -   TLS insecureSkipTlsVerify: false
12:46:50.824 [main] INFO  ru.sber.parser.config.DruidConfig -   Ingest max inline bytes: 4000000
12:46:50.825 [main] INFO  Application - Generating 1000 test messages...
12:46:51.050 [main] INFO  r.s.p.generator.MessageGenerator - Generated: message_001.json
12:46:51.062 [main] INFO  r.s.p.generator.MessageGenerator - Generated: message_002.json
12:46:51.068 [main] INFO  r.s.p.generator.MessageGenerator - Generated: message_003.json
12:46:51.073 [main] INFO  r.s.p.generator.MessageGenerator - Generated: message_004.json
12:46:51.078 [main] INFO  r.s.p.generator.MessageGenerator - Generated: message_005.json
12:46:51.083 [main] INFO  r.s.p.generator.MessageGenerator - Generated: message_006.json
12:46:51.087 [main] INFO  r.s.p.generator.MessageGenerator - Generated: message_007.json
12:46:51.091 [main] INFO  r.s.p.generator.MessageGenerator - Generated: message_008.json
12:46:51.096 [main] INFO  r.s.p.generator.MessageGenerator - Generated: message_009.json
12:46:51.099 [main] INFO  r.s.p.generator.MessageGenerator - Generated: message_010.json
12:46:51.102 [main] INFO  r.s.p.generator.MessageGenerator - Generated: message_011.json
12:46:51.104 [main] INFO  r.s.p.generator.MessageGenerator - Generated: message_012.json
12:46:51.107 [main] INFO  r.s.p.generator.MessageGenerator - Generated: message_013.json
12:46:51.110 [main] INFO  r.s.p.generator.MessageGenerator - Generated: message_014.json
12:46:51.113 [main] INFO  r.s.p.generator.MessageGenerator - Generated: message_015.json
12:46:51.116 [main] INFO  r.s.p.generator.MessageGenerator - Generated: message_016.json
12:46:51.119 [main] INFO  r.s.p.generator.MessageGenerator - Generated: message_017.json
12:46:51.122 [main] INFO  r.s.p.generator.MessageGenerator - Generated: message_018.json
12:46:51.124 [main] INFO  r.s.p.generator.MessageGenerator - Generated: message_019.json
12:46:51.127 [main] INFO  r.s.p.generator.MessageGenerator - Generated: message_020.json
12:46:51.129 [main] INFO  r.s.p.generator.MessageGenerator - Generated: message_021.json
12:46:51.132 [main] INFO  r.s.p.generator.MessageGenerator - Generated: message_022.json
12:46:51.134 [main] INFO  r.s.p.generator.MessageGenerator - Generated: message_023.json
12:46:51.136 [main] INFO  r.s.p.generator.MessageGenerator - Generated: message_024.json
12:46:51.138 [main] INFO  r.s.p.generator.MessageGenerator - Generated: message_025.json
12:46:51.141 [main] INFO  r.s.p.generator.MessageGenerator - Generated: message_026.json
12:46:51.143 [main] INFO  r.s.p.generator.MessageGenerator - Generated: message_027.json
12:46:51.145 [main] INFO  r.s.p.generator.MessageGenerator - Generated: message_028.json
12:46:51.147 [main] INFO  r.s.p.generator.MessageGenerator - Generated: message_029.json
12:46:51.149 [main] INFO  r.s.p.generator.MessageGenerator - Generated: message_030.json
12:46:51.152 [main] INFO  r.s.p.generator.MessageGenerator - Generated: message_031.json
12:46:51.153 [main] INFO  r.s.p.generator.MessageGenerator - Generated: message_032.json
12:46:51.156 [main] INFO  r.s.p.generator.MessageGenerator - Generated: message_033.json
12:46:51.158 [main] INFO  r.s.p.generator.MessageGenerator - Generated: message_034.json
12:46:51.161 [main] INFO  r.s.p.generator.MessageGenerator - Generated: message_035.json
12:46:51.163 [main] INFO  r.s.p.generator.MessageGenerator - Generated: message_036.json
12:46:51.165 [main] INFO  r.s.p.generator.MessageGenerator - Generated: message_037.json
12:46:51.168 [main] INFO  r.s.p.generator.MessageGenerator - Generated: message_038.json
12:46:51.170 [main] INFO  r.s.p.generator.MessageGenerator - Generated: message_039.json
12:46:51.172 [main] INFO  r.s.p.generator.MessageGenerator - Generated: message_040.json
12:46:51.175 [main] INFO  r.s.p.generator.MessageGenerator - Generated: message_041.json
12:46:51.177 [main] INFO  r.s.p.generator.MessageGenerator - Generated: message_042.json
12:46:51.179 [main] INFO  r.s.p.generator.MessageGenerator - Generated: message_043.json
12:46:51.182 [main] INFO  r.s.p.generator.MessageGenerator - Generated: message_044.json
12:46:51.184 [main] INFO  r.s.p.generator.MessageGenerator - Generated: message_045.json
12:46:51.185 [main] INFO  r.s.p.generator.MessageGenerator - Generated: message_046.json
12:46:51.188 [main] INFO  r.s.p.generator.MessageGenerator - Generated: message_047.json
12:46:51.190 [main] INFO  r.s.p.generator.MessageGenerator - Generated: message_048.json
12:46:51.192 [main] INFO  r.s.p.generator.MessageGenerator - Generated: message_049.json
12:46:51.194 [main] INFO  r.s.p.generator.MessageGenerator - Generated: message_050.json
12:46:51.196 [main] INFO  r.s.p.generator.MessageGenerator - Generated: message_051.json
12:46:51.197 [main] INFO  r.s.p.generator.MessageGenerator - Generated: message_052.json
12:46:51.200 [main] INFO  r.s.p.generator.MessageGenerator - Generated: message_053.json
12:46:51.201 [main] INFO  r.s.p.generator.MessageGenerator - Generated: message_054.json
12:46:51.203 [main] INFO  r.s.p.generator.MessageGenerator - Generated: message_055.json
12:46:51.205 [main] INFO  r.s.p.generator.MessageGenerator - Generated: message_056.json
12:46:51.207 [main] INFO  r.s.p.generator.MessageGenerator - Generated: message_057.json
12:46:51.209 [main] INFO  r.s.p.generator.MessageGenerator - Generated: message_058.json
12:46:51.211 [main] INFO  r.s.p.generator.MessageGenerator - Generated: message_059.json
12:46:51.213 [main] INFO  r.s.p.generator.MessageGenerator - Generated: message_060.json
12:46:51.215 [main] INFO  r.s.p.generator.MessageGenerator - Generated: message_061.json
12:46:51.217 [main] INFO  r.s.p.generator.MessageGenerator - Generated: message_062.json
12:46:51.219 [main] INFO  r.s.p.generator.MessageGenerator - Generated: message_063.json
12:46:51.221 [main] INFO  r.s.p.generator.MessageGenerator - Generated: message_064.json
12:46:51.223 [main] INFO  r.s.p.generator.MessageGenerator - Generated: message_065.json
12:46:51.225 [main] INFO  r.s.p.generator.MessageGenerator - Generated: message_066.json
12:46:51.226 [main] INFO  r.s.p.generator.MessageGenerator - Generated: message_067.json
12:46:51.228 [main] INFO  r.s.p.generator.MessageGenerator - Generated: message_068.json
12:46:51.230 [main] INFO  r.s.p.generator.MessageGenerator - Generated: message_069.json
12:46:51.232 [main] INFO  r.s.p.generator.MessageGenerator - Generated: message_070.json
12:46:51.234 [main] INFO  r.s.p.generator.MessageGenerator - Generated: message_071.json
12:46:51.236 [main] INFO  r.s.p.generator.MessageGenerator - Generated: message_072.json
12:46:51.238 [main] INFO  r.s.p.generator.MessageGenerator - Generated: message_073.json
12:46:51.240 [main] INFO  r.s.p.generator.MessageGenerator - Generated: message_074.json
12:46:51.242 [main] INFO  r.s.p.generator.MessageGenerator - Generated: message_075.json
12:46:51.244 [main] INFO  r.s.p.generator.MessageGenerator - Generated: message_076.json
12:46:51.246 [main] INFO  r.s.p.generator.MessageGenerator - Generated: message_077.json
12:46:51.247 [main] INFO  r.s.p.generator.MessageGenerator - Generated: message_078.json
12:46:51.249 [main] INFO  r.s.p.generator.MessageGenerator - Generated: message_079.json
12:46:51.251 [main] INFO  r.s.p.generator.MessageGenerator - Generated: message_080.json
12:46:51.253 [main] INFO  r.s.p.generator.MessageGenerator - Generated: message_081.json
12:46:51.254 [main] INFO  r.s.p.generator.MessageGenerator - Generated: message_082.json
12:46:51.257 [main] INFO  r.s.p.generator.MessageGenerator - Generated: message_083.json
12:46:51.258 [main] INFO  r.s.p.generator.MessageGenerator - Generated: message_084.json
12:46:51.261 [main] INFO  r.s.p.generator.MessageGenerator - Generated: message_085.json
12:46:51.263 [main] INFO  r.s.p.generator.MessageGenerator - Generated: message_086.json
12:46:51.264 [main] INFO  r.s.p.generator.MessageGenerator - Generated: message_087.json
12:46:51.266 [main] INFO  r.s.p.generator.MessageGenerator - Generated: message_088.json
12:46:51.268 [main] INFO  r.s.p.generator.MessageGenerator - Generated: message_089.json
12:46:51.270 [main] INFO  r.s.p.generator.MessageGenerator - Generated: message_090.json
12:46:51.271 [main] INFO  r.s.p.generator.MessageGenerator - Generated: message_091.json
12:46:51.273 [main] INFO  r.s.p.generator.MessageGenerator - Generated: message_092.json
12:46:51.275 [main] INFO  r.s.p.generator.MessageGenerator - Generated: message_093.json
12:46:51.277 [main] INFO  r.s.p.generator.MessageGenerator - Generated: message_094.json
12:46:51.279 [main] INFO  r.s.p.generator.MessageGenerator - Generated: message_095.json
12:46:51.281 [main] INFO  r.s.p.generator.MessageGenerator - Generated: message_096.json
12:46:51.283 [main] INFO  r.s.p.generator.MessageGenerator - Generated: message_097.json
12:46:51.285 [main] INFO  r.s.p.generator.MessageGenerator - Generated: message_098.json
12:46:51.287 [main] INFO  r.s.p.generator.MessageGenerator - Generated: message_099.json
12:46:51.288 [main] INFO  r.s.p.generator.MessageGenerator - Generated: message_100.json
12:46:51.290 [main] INFO  r.s.p.generator.MessageGenerator - Generated: message_101.json
12:46:51.292 [main] INFO  r.s.p.generator.MessageGenerator - Generated: message_102.json
12:46:51.294 [main] INFO  r.s.p.generator.MessageGenerator - Generated: message_103.json
12:46:51.296 [main] INFO  r.s.p.generator.MessageGenerator - Generated: message_104.json
12:46:51.299 [main] INFO  r.s.p.generator.MessageGenerator - Generated: message_105.json
12:46:51.300 [main] INFO  r.s.p.generator.MessageGenerator - Generated: message_106.json
12:46:51.302 [main] INFO  r.s.p.generator.MessageGenerator - Generated: message_107.json
12:46:51.305 [main] INFO  r.s.p.generator.MessageGenerator - Generated: message_108.json
12:46:51.306 [main] INFO  r.s.p.generator.MessageGenerator - Generated: message_109.json
12:46:51.308 [main] INFO  r.s.p.generator.MessageGenerator - Generated: message_110.json
12:46:51.310 [main] INFO  r.s.p.generator.MessageGenerator - Generated: message_111.json
12:46:51.312 [main] INFO  r.s.p.generator.MessageGenerator - Generated: message_112.json
12:46:51.314 [main] INFO  r.s.p.generator.MessageGenerator - Generated: message_113.json
12:46:51.315 [main] INFO  r.s.p.generator.MessageGenerator - Generated: message_114.json
12:46:51.317 [main] INFO  r.s.p.generator.MessageGenerator - Generated: message_115.json
12:46:51.319 [main] INFO  r.s.p.generator.MessageGenerator - Generated: message_116.json
12:46:51.321 [main] INFO  r.s.p.generator.MessageGenerator - Generated: message_117.json
12:46:51.322 [main] INFO  r.s.p.generator.MessageGenerator - Generated: message_118.json
12:46:51.323 [main] INFO  r.s.p.generator.MessageGenerator - Generated: message_119.json
12:46:51.324 [main] INFO  r.s.p.generator.MessageGenerator - Generated: message_120.json
12:46:51.325 [main] INFO  r.s.p.generator.MessageGenerator - Generated: message_121.json
12:46:51.326 [main] INFO  r.s.p.generator.MessageGenerator - Generated: message_122.json
12:46:51.327 [main] INFO  r.s.p.generator.MessageGenerator - Generated: message_123.json
12:46:51.328 [main] INFO  r.s.p.generator.MessageGenerator - Generated: message_124.json
12:46:51.330 [main] INFO  r.s.p.generator.MessageGenerator - Generated: message_125.json
12:46:51.331 [main] INFO  r.s.p.generator.MessageGenerator - Generated: message_126.json
12:46:51.332 [main] INFO  r.s.p.generator.MessageGenerator - Generated: message_127.json
12:46:51.333 [main] INFO  r.s.p.generator.MessageGenerator - Generated: message_128.json
12:46:51.334 [main] INFO  r.s.p.generator.MessageGenerator - Generated: message_129.json
12:46:51.335 [main] INFO  r.s.p.generator.MessageGenerator - Generated: message_130.json
12:46:51.336 [main] INFO  r.s.p.generator.MessageGenerator - Generated: message_131.json
12:46:51.338 [main] INFO  r.s.p.generator.MessageGenerator - Generated: message_132.json
12:46:51.339 [main] INFO  r.s.p.generator.MessageGenerator - Generated: message_133.json
12:46:51.340 [main] INFO  r.s.p.generator.MessageGenerator - Generated: message_134.json
12:46:51.341 [main] INFO  r.s.p.generator.MessageGenerator - Generated: message_135.json
12:46:51.342 [main] INFO  r.s.p.generator.MessageGenerator - Generated: message_136.json
12:46:51.344 [main] INFO  r.s.p.generator.MessageGenerator - Generated: message_137.json
12:46:51.345 [main] INFO  r.s.p.generator.MessageGenerator - Generated: message_138.json
12:46:51.346 [main] INFO  r.s.p.generator.MessageGenerator - Generated: message_139.json
12:46:51.347 [main] INFO  r.s.p.generator.MessageGenerator - Generated: message_140.json
12:46:51.348 [main] INFO  r.s.p.generator.MessageGenerator - Generated: message_141.json
12:46:51.350 [main] INFO  r.s.p.generator.MessageGenerator - Generated: message_142.json
12:46:51.351 [main] INFO  r.s.p.generator.MessageGenerator - Generated: message_143.json
12:46:51.352 [main] INFO  r.s.p.generator.MessageGenerator - Generated: message_144.json
12:46:51.353 [main] INFO  r.s.p.generator.MessageGenerator - Generated: message_145.json
12:46:51.354 [main] INFO  r.s.p.generator.MessageGenerator - Generated: message_146.json
12:46:51.356 [main] INFO  r.s.p.generator.MessageGenerator - Generated: message_147.json
12:46:51.356 [main] INFO  r.s.p.generator.MessageGenerator - Generated: message_148.json
12:46:51.357 [main] INFO  r.s.p.generator.MessageGenerator - Generated: message_149.json
12:46:51.358 [main] INFO  r.s.p.generator.MessageGenerator - Generated: message_150.json
12:46:51.359 [main] INFO  r.s.p.generator.MessageGenerator - Generated: message_151.json
12:46:51.360 [main] INFO  r.s.p.generator.MessageGenerator - Generated: message_152.json
12:46:51.361 [main] INFO  r.s.p.generator.MessageGenerator - Generated: message_153.json
12:46:51.362 [main] INFO  r.s.p.generator.MessageGenerator - Generated: message_154.json
12:46:51.363 [main] INFO  r.s.p.generator.MessageGenerator - Generated: message_155.json
12:46:51.364 [main] INFO  r.s.p.generator.MessageGenerator - Generated: message_156.json
12:46:51.365 [main] INFO  r.s.p.generator.MessageGenerator - Generated: message_157.json
12:46:51.366 [main] INFO  r.s.p.generator.MessageGenerator - Generated: message_158.json
12:46:51.367 [main] INFO  r.s.p.generator.MessageGenerator - Generated: message_159.json
12:46:51.369 [main] INFO  r.s.p.generator.MessageGenerator - Generated: message_160.json
12:46:51.370 [main] INFO  r.s.p.generator.MessageGenerator - Generated: message_161.json
12:46:51.371 [main] INFO  r.s.p.generator.MessageGenerator - Generated: message_162.json
12:46:51.372 [main] INFO  r.s.p.generator.MessageGenerator - Generated: message_163.json
12:46:51.373 [main] INFO  r.s.p.generator.MessageGenerator - Generated: message_164.json
12:46:51.374 [main] INFO  r.s.p.generator.MessageGenerator - Generated: message_165.json
12:46:51.375 [main] INFO  r.s.p.generator.MessageGenerator - Generated: message_166.json
12:46:51.376 [main] INFO  r.s.p.generator.MessageGenerator - Generated: message_167.json
12:46:51.377 [main] INFO  r.s.p.generator.MessageGenerator - Generated: message_168.json
12:46:51.378 [main] INFO  r.s.p.generator.MessageGenerator - Generated: message_169.json
12:46:51.379 [main] INFO  r.s.p.generator.MessageGenerator - Generated: message_170.json
12:46:51.380 [main] INFO  r.s.p.generator.MessageGenerator - Generated: message_171.json
12:46:51.381 [main] INFO  r.s.p.generator.MessageGenerator - Generated: message_172.json
12:46:51.382 [main] INFO  r.s.p.generator.MessageGenerator - Generated: message_173.json
12:46:51.383 [main] INFO  r.s.p.generator.MessageGenerator - Generated: message_174.json
12:46:51.384 [main] INFO  r.s.p.generator.MessageGenerator - Generated: message_175.json
12:46:51.385 [main] INFO  r.s.p.generator.MessageGenerator - Generated: message_176.json
12:46:51.385 [main] INFO  r.s.p.generator.MessageGenerator - Generated: message_177.json
12:46:51.392 [main] INFO  r.s.p.generator.MessageGenerator - Generated: message_178.json
12:46:51.394 [main] INFO  r.s.p.generator.MessageGenerator - Generated: message_179.json
12:46:51.395 [main] INFO  r.s.p.generator.MessageGenerator - Generated: message_180.json
12:46:51.396 [main] INFO  r.s.p.generator.MessageGenerator - Generated: message_181.json
12:46:51.397 [main] INFO  r.s.p.generator.MessageGenerator - Generated: message_182.json
12:46:51.398 [main] INFO  r.s.p.generator.MessageGenerator - Generated: message_183.json
12:46:51.399 [main] INFO  r.s.p.generator.MessageGenerator - Generated: message_184.json
12:46:51.400 [main] INFO  r.s.p.generator.MessageGenerator - Generated: message_185.json
12:46:51.401 [main] INFO  r.s.p.generator.MessageGenerator - Generated: message_186.json
12:46:51.402 [main] INFO  r.s.p.generator.MessageGenerator - Generated: message_187.json
12:46:51.403 [main] INFO  r.s.p.generator.MessageGenerator - Generated: message_188.json
12:46:51.404 [main] INFO  r.s.p.generator.MessageGenerator - Generated: message_189.json
12:46:51.405 [main] INFO  r.s.p.generator.MessageGenerator - Generated: message_190.json
12:46:51.406 [main] INFO  r.s.p.generator.MessageGenerator - Generated: message_191.json
12:46:51.407 [main] INFO  r.s.p.generator.MessageGenerator - Generated: message_192.json
12:46:51.408 [main] INFO  r.s.p.generator.MessageGenerator - Generated: message_193.json
12:46:51.409 [main] INFO  r.s.p.generator.MessageGenerator - Generated: message_194.json
12:46:51.410 [main] INFO  r.s.p.generator.MessageGenerator - Generated: message_195.json
12:46:51.411 [main] INFO  r.s.p.generator.MessageGenerator - Generated: message_196.json
12:46:51.412 [main] INFO  r.s.p.generator.MessageGenerator - Generated: message_197.json
12:46:51.413 [main] INFO  r.s.p.generator.MessageGenerator - Generated: message_198.json
12:46:51.414 [main] INFO  r.s.p.generator.MessageGenerator - Generated: message_199.json
12:46:51.415 [main] INFO  r.s.p.generator.MessageGenerator - Generated: message_200.json
12:46:51.416 [main] INFO  r.s.p.generator.MessageGenerator - Generated: message_201.json
12:46:51.416 [main] INFO  r.s.p.generator.MessageGenerator - Generated: message_202.json
12:46:51.417 [main] INFO  r.s.p.generator.MessageGenerator - Generated: message_203.json
12:46:51.418 [main] INFO  r.s.p.generator.MessageGenerator - Generated: message_204.json
12:46:51.419 [main] INFO  r.s.p.generator.MessageGenerator - Generated: message_205.json
12:46:51.420 [main] INFO  r.s.p.generator.MessageGenerator - Generated: message_206.json
12:46:51.421 [main] INFO  r.s.p.generator.MessageGenerator - Generated: message_207.json
12:46:51.422 [main] INFO  r.s.p.generator.MessageGenerator - Generated: message_208.json
12:46:51.423 [main] INFO  r.s.p.generator.MessageGenerator - Generated: message_209.json
12:46:51.424 [main] INFO  r.s.p.generator.MessageGenerator - Generated: message_210.json
12:46:51.425 [main] INFO  r.s.p.generator.MessageGenerator - Generated: message_211.json
12:46:51.426 [main] INFO  r.s.p.generator.MessageGenerator - Generated: message_212.json
12:46:51.428 [main] INFO  r.s.p.generator.MessageGenerator - Generated: message_213.json
12:46:51.429 [main] INFO  r.s.p.generator.MessageGenerator - Generated: message_214.json
12:46:51.430 [main] INFO  r.s.p.generator.MessageGenerator - Generated: message_215.json
12:46:51.431 [main] INFO  r.s.p.generator.MessageGenerator - Generated: message_216.json
12:46:51.432 [main] INFO  r.s.p.generator.MessageGenerator - Generated: message_217.json
12:46:51.433 [main] INFO  r.s.p.generator.MessageGenerator - Generated: message_218.json
12:46:51.434 [main] INFO  r.s.p.generator.MessageGenerator - Generated: message_219.json
12:46:51.434 [main] INFO  r.s.p.generator.MessageGenerator - Generated: message_220.json
12:46:51.435 [main] INFO  r.s.p.generator.MessageGenerator - Generated: message_221.json
12:46:51.437 [main] INFO  r.s.p.generator.MessageGenerator - Generated: message_222.json
12:46:51.437 [main] INFO  r.s.p.generator.MessageGenerator - Generated: message_223.json
12:46:51.438 [main] INFO  r.s.p.generator.MessageGenerator - Generated: message_224.json
12:46:51.439 [main] INFO  r.s.p.generator.MessageGenerator - Generated: message_225.json
12:46:51.440 [main] INFO  r.s.p.generator.MessageGenerator - Generated: message_226.json
12:46:51.441 [main] INFO  r.s.p.generator.MessageGenerator - Generated: message_227.json
12:46:51.442 [main] INFO  r.s.p.generator.MessageGenerator - Generated: message_228.json
12:46:51.443 [main] INFO  r.s.p.generator.MessageGenerator - Generated: message_229.json
12:46:51.444 [main] INFO  r.s.p.generator.MessageGenerator - Generated: message_230.json
12:46:51.444 [main] INFO  r.s.p.generator.MessageGenerator - Generated: message_231.json
12:46:51.445 [main] INFO  r.s.p.generator.MessageGenerator - Generated: message_232.json
12:46:51.446 [main] INFO  r.s.p.generator.MessageGenerator - Generated: message_233.json
12:46:51.448 [main] INFO  r.s.p.generator.MessageGenerator - Generated: message_234.json
12:46:51.449 [main] INFO  r.s.p.generator.MessageGenerator - Generated: message_235.json
12:46:51.450 [main] INFO  r.s.p.generator.MessageGenerator - Generated: message_236.json
12:46:51.451 [main] INFO  r.s.p.generator.MessageGenerator - Generated: message_237.json
12:46:51.452 [main] INFO  r.s.p.generator.MessageGenerator - Generated: message_238.json
12:46:51.453 [main] INFO  r.s.p.generator.MessageGenerator - Generated: message_239.json
12:46:51.454 [main] INFO  r.s.p.generator.MessageGenerator - Generated: message_240.json
12:46:51.455 [main] INFO  r.s.p.generator.MessageGenerator - Generated: message_241.json
12:46:51.455 [main] INFO  r.s.p.generator.MessageGenerator - Generated: message_242.json
12:46:51.457 [main] INFO  r.s.p.generator.MessageGenerator - Generated: message_243.json
12:46:51.457 [main] INFO  r.s.p.generator.MessageGenerator - Generated: message_244.json
12:46:51.458 [main] INFO  r.s.p.generator.MessageGenerator - Generated: message_245.json
12:46:51.459 [main] INFO  r.s.p.generator.MessageGenerator - Generated: message_246.json
12:46:51.460 [main] INFO  r.s.p.generator.MessageGenerator - Generated: message_247.json
12:46:51.461 [main] INFO  r.s.p.generator.MessageGenerator - Generated: message_248.json
12:46:51.462 [main] INFO  r.s.p.generator.MessageGenerator - Generated: message_249.json
12:46:51.463 [main] INFO  r.s.p.generator.MessageGenerator - Generated: message_250.json
12:46:51.464 [main] INFO  r.s.p.generator.MessageGenerator - Generated: message_251.json
12:46:51.465 [main] INFO  r.s.p.generator.MessageGenerator - Generated: message_252.json
12:46:51.466 [main] INFO  r.s.p.generator.MessageGenerator - Generated: message_253.json
12:46:51.467 [main] INFO  r.s.p.generator.MessageGenerator - Generated: message_254.json
12:46:51.468 [main] INFO  r.s.p.generator.MessageGenerator - Generated: message_255.json
12:46:51.469 [main] INFO  r.s.p.generator.MessageGenerator - Generated: message_256.json
12:46:51.470 [main] INFO  r.s.p.generator.MessageGenerator - Generated: message_257.json
12:46:51.471 [main] INFO  r.s.p.generator.MessageGenerator - Generated: message_258.json
12:46:51.472 [main] INFO  r.s.p.generator.MessageGenerator - Generated: message_259.json
12:46:51.473 [main] INFO  r.s.p.generator.MessageGenerator - Generated: message_260.json
12:46:51.474 [main] INFO  r.s.p.generator.MessageGenerator - Generated: message_261.json
12:46:51.474 [main] INFO  r.s.p.generator.MessageGenerator - Generated: message_262.json
12:46:51.475 [main] INFO  r.s.p.generator.MessageGenerator - Generated: message_263.json
12:46:51.476 [main] INFO  r.s.p.generator.MessageGenerator - Generated: message_264.json
12:46:51.477 [main] INFO  r.s.p.generator.MessageGenerator - Generated: message_265.json
12:46:51.478 [main] INFO  r.s.p.generator.MessageGenerator - Generated: message_266.json
12:46:51.479 [main] INFO  r.s.p.generator.MessageGenerator - Generated: message_267.json
12:46:51.480 [main] INFO  r.s.p.generator.MessageGenerator - Generated: message_268.json
12:46:51.481 [main] INFO  r.s.p.generator.MessageGenerator - Generated: message_269.json
12:46:51.482 [main] INFO  r.s.p.generator.MessageGenerator - Generated: message_270.json
12:46:51.483 [main] INFO  r.s.p.generator.MessageGenerator - Generated: message_271.json
12:46:51.484 [main] INFO  r.s.p.generator.MessageGenerator - Generated: message_272.json
12:46:51.485 [main] INFO  r.s.p.generator.MessageGenerator - Generated: message_273.json
12:46:51.486 [main] INFO  r.s.p.generator.MessageGenerator - Generated: message_274.json
12:46:51.487 [main] INFO  r.s.p.generator.MessageGenerator - Generated: message_275.json
12:46:51.488 [main] INFO  r.s.p.generator.MessageGenerator - Generated: message_276.json
12:46:51.489 [main] INFO  r.s.p.generator.MessageGenerator - Generated: message_277.json
12:46:51.489 [main] INFO  r.s.p.generator.MessageGenerator - Generated: message_278.json
12:46:51.490 [main] INFO  r.s.p.generator.MessageGenerator - Generated: message_279.json
12:46:51.491 [main] INFO  r.s.p.generator.MessageGenerator - Generated: message_280.json
12:46:51.492 [main] INFO  r.s.p.generator.MessageGenerator - Generated: message_281.json
12:46:51.493 [main] INFO  r.s.p.generator.MessageGenerator - Generated: message_282.json
12:46:51.494 [main] INFO  r.s.p.generator.MessageGenerator - Generated: message_283.json
12:46:51.495 [main] INFO  r.s.p.generator.MessageGenerator - Generated: message_284.json
12:46:51.496 [main] INFO  r.s.p.generator.MessageGenerator - Generated: message_285.json
12:46:51.497 [main] INFO  r.s.p.generator.MessageGenerator - Generated: message_286.json
12:46:51.498 [main] INFO  r.s.p.generator.MessageGenerator - Generated: message_287.json
12:46:51.499 [main] INFO  r.s.p.generator.MessageGenerator - Generated: message_288.json
12:46:51.500 [main] INFO  r.s.p.generator.MessageGenerator - Generated: message_289.json
12:46:51.501 [main] INFO  r.s.p.generator.MessageGenerator - Generated: message_290.json
12:46:51.502 [main] INFO  r.s.p.generator.MessageGenerator - Generated: message_291.json
12:46:51.503 [main] INFO  r.s.p.generator.MessageGenerator - Generated: message_292.json
12:46:51.504 [main] INFO  r.s.p.generator.MessageGenerator - Generated: message_293.json
12:46:51.504 [main] INFO  r.s.p.generator.MessageGenerator - Generated: message_294.json
12:46:51.505 [main] INFO  r.s.p.generator.MessageGenerator - Generated: message_295.json
12:46:51.506 [main] INFO  r.s.p.generator.MessageGenerator - Generated: message_296.json
12:46:51.507 [main] INFO  r.s.p.generator.MessageGenerator - Generated: message_297.json
12:46:51.508 [main] INFO  r.s.p.generator.MessageGenerator - Generated: message_298.json
12:46:51.509 [main] INFO  r.s.p.generator.MessageGenerator - Generated: message_299.json
12:46:51.510 [main] INFO  r.s.p.generator.MessageGenerator - Generated: message_300.json
12:46:51.511 [main] INFO  r.s.p.generator.MessageGenerator - Generated: message_301.json
12:46:51.512 [main] INFO  r.s.p.generator.MessageGenerator - Generated: message_302.json
12:46:51.512 [main] INFO  r.s.p.generator.MessageGenerator - Generated: message_303.json
12:46:51.513 [main] INFO  r.s.p.generator.MessageGenerator - Generated: message_304.json
12:46:51.514 [main] INFO  r.s.p.generator.MessageGenerator - Generated: message_305.json
12:46:51.515 [main] INFO  r.s.p.generator.MessageGenerator - Generated: message_306.json
12:46:51.516 [main] INFO  r.s.p.generator.MessageGenerator - Generated: message_307.json
12:46:51.517 [main] INFO  r.s.p.generator.MessageGenerator - Generated: message_308.json
12:46:51.518 [main] INFO  r.s.p.generator.MessageGenerator - Generated: message_309.json
12:46:51.519 [main] INFO  r.s.p.generator.MessageGenerator - Generated: message_310.json
12:46:51.520 [main] INFO  r.s.p.generator.MessageGenerator - Generated: message_311.json
12:46:51.520 [main] INFO  r.s.p.generator.MessageGenerator - Generated: message_312.json
12:46:51.521 [main] INFO  r.s.p.generator.MessageGenerator - Generated: message_313.json
12:46:51.522 [main] INFO  r.s.p.generator.MessageGenerator - Generated: message_314.json
12:46:51.522 [main] INFO  r.s.p.generator.MessageGenerator - Generated: message_315.json
12:46:51.523 [main] INFO  r.s.p.generator.MessageGenerator - Generated: message_316.json
12:46:51.524 [main] INFO  r.s.p.generator.MessageGenerator - Generated: message_317.json
12:46:51.525 [main] INFO  r.s.p.generator.MessageGenerator - Generated: message_318.json
12:46:51.525 [main] INFO  r.s.p.generator.MessageGenerator - Generated: message_319.json
12:46:51.526 [main] INFO  r.s.p.generator.MessageGenerator - Generated: message_320.json
12:46:51.527 [main] INFO  r.s.p.generator.MessageGenerator - Generated: message_321.json
12:46:51.528 [main] INFO  r.s.p.generator.MessageGenerator - Generated: message_322.json
12:46:51.529 [main] INFO  r.s.p.generator.MessageGenerator - Generated: message_323.json
12:46:51.529 [main] INFO  r.s.p.generator.MessageGenerator - Generated: message_324.json
12:46:51.530 [main] INFO  r.s.p.generator.MessageGenerator - Generated: message_325.json
12:46:51.531 [main] INFO  r.s.p.generator.MessageGenerator - Generated: message_326.json
12:46:51.532 [main] INFO  r.s.p.generator.MessageGenerator - Generated: message_327.json
12:46:51.533 [main] INFO  r.s.p.generator.MessageGenerator - Generated: message_328.json
12:46:51.534 [main] INFO  r.s.p.generator.MessageGenerator - Generated: message_329.json
12:46:51.535 [main] INFO  r.s.p.generator.MessageGenerator - Generated: message_330.json
12:46:51.536 [main] INFO  r.s.p.generator.MessageGenerator - Generated: message_331.json
12:46:51.537 [main] INFO  r.s.p.generator.MessageGenerator - Generated: message_332.json
12:46:51.537 [main] INFO  r.s.p.generator.MessageGenerator - Generated: message_333.json
12:46:51.538 [main] INFO  r.s.p.generator.MessageGenerator - Generated: message_334.json
12:46:51.539 [main] INFO  r.s.p.generator.MessageGenerator - Generated: message_335.json
12:46:51.540 [main] INFO  r.s.p.generator.MessageGenerator - Generated: message_336.json
12:46:51.541 [main] INFO  r.s.p.generator.MessageGenerator - Generated: message_337.json
12:46:51.542 [main] INFO  r.s.p.generator.MessageGenerator - Generated: message_338.json
12:46:51.542 [main] INFO  r.s.p.generator.MessageGenerator - Generated: message_339.json
12:46:51.543 [main] INFO  r.s.p.generator.MessageGenerator - Generated: message_340.json
12:46:51.544 [main] INFO  r.s.p.generator.MessageGenerator - Generated: message_341.json
12:46:51.545 [main] INFO  r.s.p.generator.MessageGenerator - Generated: message_342.json
12:46:51.546 [main] INFO  r.s.p.generator.MessageGenerator - Generated: message_343.json
12:46:51.547 [main] INFO  r.s.p.generator.MessageGenerator - Generated: message_344.json
12:46:51.547 [main] INFO  r.s.p.generator.MessageGenerator - Generated: message_345.json
12:46:51.548 [main] INFO  r.s.p.generator.MessageGenerator - Generated: message_346.json
12:46:51.549 [main] INFO  r.s.p.generator.MessageGenerator - Generated: message_347.json
12:46:51.550 [main] INFO  r.s.p.generator.MessageGenerator - Generated: message_348.json
12:46:51.551 [main] INFO  r.s.p.generator.MessageGenerator - Generated: message_349.json
12:46:51.552 [main] INFO  r.s.p.generator.MessageGenerator - Generated: message_350.json
12:46:51.552 [main] INFO  r.s.p.generator.MessageGenerator - Generated: message_351.json
12:46:51.553 [main] INFO  r.s.p.generator.MessageGenerator - Generated: message_352.json
12:46:51.554 [main] INFO  r.s.p.generator.MessageGenerator - Generated: message_353.json
12:46:51.561 [main] INFO  r.s.p.generator.MessageGenerator - Generated: message_354.json
12:46:51.562 [main] INFO  r.s.p.generator.MessageGenerator - Generated: message_355.json
12:46:51.563 [main] INFO  r.s.p.generator.MessageGenerator - Generated: message_356.json
12:46:51.564 [main] INFO  r.s.p.generator.MessageGenerator - Generated: message_357.json
12:46:51.565 [main] INFO  r.s.p.generator.MessageGenerator - Generated: message_358.json
12:46:51.565 [main] INFO  r.s.p.generator.MessageGenerator - Generated: message_359.json
12:46:51.566 [main] INFO  r.s.p.generator.MessageGenerator - Generated: message_360.json
12:46:51.567 [main] INFO  r.s.p.generator.MessageGenerator - Generated: message_361.json
12:46:51.568 [main] INFO  r.s.p.generator.MessageGenerator - Generated: message_362.json
12:46:51.569 [main] INFO  r.s.p.generator.MessageGenerator - Generated: message_363.json
12:46:51.570 [main] INFO  r.s.p.generator.MessageGenerator - Generated: message_364.json
12:46:51.571 [main] INFO  r.s.p.generator.MessageGenerator - Generated: message_365.json
12:46:51.571 [main] INFO  r.s.p.generator.MessageGenerator - Generated: message_366.json
12:46:51.572 [main] INFO  r.s.p.generator.MessageGenerator - Generated: message_367.json
12:46:51.573 [main] INFO  r.s.p.generator.MessageGenerator - Generated: message_368.json
12:46:51.574 [main] INFO  r.s.p.generator.MessageGenerator - Generated: message_369.json
12:46:51.575 [main] INFO  r.s.p.generator.MessageGenerator - Generated: message_370.json
12:46:51.575 [main] INFO  r.s.p.generator.MessageGenerator - Generated: message_371.json
12:46:51.576 [main] INFO  r.s.p.generator.MessageGenerator - Generated: message_372.json
12:46:51.577 [main] INFO  r.s.p.generator.MessageGenerator - Generated: message_373.json
12:46:51.577 [main] INFO  r.s.p.generator.MessageGenerator - Generated: message_374.json
12:46:51.578 [main] INFO  r.s.p.generator.MessageGenerator - Generated: message_375.json
12:46:51.579 [main] INFO  r.s.p.generator.MessageGenerator - Generated: message_376.json
12:46:51.580 [main] INFO  r.s.p.generator.MessageGenerator - Generated: message_377.json
12:46:51.581 [main] INFO  r.s.p.generator.MessageGenerator - Generated: message_378.json
12:46:51.581 [main] INFO  r.s.p.generator.MessageGenerator - Generated: message_379.json
12:46:51.582 [main] INFO  r.s.p.generator.MessageGenerator - Generated: message_380.json
12:46:51.583 [main] INFO  r.s.p.generator.MessageGenerator - Generated: message_381.json
12:46:51.583 [main] INFO  r.s.p.generator.MessageGenerator - Generated: message_382.json
12:46:51.584 [main] INFO  r.s.p.generator.MessageGenerator - Generated: message_383.json
12:46:51.585 [main] INFO  r.s.p.generator.MessageGenerator - Generated: message_384.json
12:46:51.585 [main] INFO  r.s.p.generator.MessageGenerator - Generated: message_385.json
12:46:51.586 [main] INFO  r.s.p.generator.MessageGenerator - Generated: message_386.json
12:46:51.587 [main] INFO  r.s.p.generator.MessageGenerator - Generated: message_387.json
12:46:51.588 [main] INFO  r.s.p.generator.MessageGenerator - Generated: message_388.json
12:46:51.588 [main] INFO  r.s.p.generator.MessageGenerator - Generated: message_389.json
12:46:51.589 [main] INFO  r.s.p.generator.MessageGenerator - Generated: message_390.json
12:46:51.590 [main] INFO  r.s.p.generator.MessageGenerator - Generated: message_391.json
12:46:51.591 [main] INFO  r.s.p.generator.MessageGenerator - Generated: message_392.json
12:46:51.591 [main] INFO  r.s.p.generator.MessageGenerator - Generated: message_393.json
12:46:51.592 [main] INFO  r.s.p.generator.MessageGenerator - Generated: message_394.json
12:46:51.593 [main] INFO  r.s.p.generator.MessageGenerator - Generated: message_395.json
12:46:51.594 [main] INFO  r.s.p.generator.MessageGenerator - Generated: message_396.json
12:46:51.595 [main] INFO  r.s.p.generator.MessageGenerator - Generated: message_397.json
12:46:51.595 [main] INFO  r.s.p.generator.MessageGenerator - Generated: message_398.json
12:46:51.596 [main] INFO  r.s.p.generator.MessageGenerator - Generated: message_399.json
12:46:51.597 [main] INFO  r.s.p.generator.MessageGenerator - Generated: message_400.json
12:46:51.597 [main] INFO  r.s.p.generator.MessageGenerator - Generated: message_401.json
12:46:51.598 [main] INFO  r.s.p.generator.MessageGenerator - Generated: message_402.json
12:46:51.599 [main] INFO  r.s.p.generator.MessageGenerator - Generated: message_403.json
12:46:51.600 [main] INFO  r.s.p.generator.MessageGenerator - Generated: message_404.json
12:46:51.601 [main] INFO  r.s.p.generator.MessageGenerator - Generated: message_405.json
12:46:51.601 [main] INFO  r.s.p.generator.MessageGenerator - Generated: message_406.json
12:46:51.602 [main] INFO  r.s.p.generator.MessageGenerator - Generated: message_407.json
12:46:51.603 [main] INFO  r.s.p.generator.MessageGenerator - Generated: message_408.json
12:46:51.604 [main] INFO  r.s.p.generator.MessageGenerator - Generated: message_409.json
12:46:51.604 [main] INFO  r.s.p.generator.MessageGenerator - Generated: message_410.json
12:46:51.605 [main] INFO  r.s.p.generator.MessageGenerator - Generated: message_411.json
12:46:51.606 [main] INFO  r.s.p.generator.MessageGenerator - Generated: message_412.json
12:46:51.606 [main] INFO  r.s.p.generator.MessageGenerator - Generated: message_413.json
12:46:51.607 [main] INFO  r.s.p.generator.MessageGenerator - Generated: message_414.json
12:46:51.608 [main] INFO  r.s.p.generator.MessageGenerator - Generated: message_415.json
12:46:51.609 [main] INFO  r.s.p.generator.MessageGenerator - Generated: message_416.json
12:46:51.609 [main] INFO  r.s.p.generator.MessageGenerator - Generated: message_417.json
12:46:51.610 [main] INFO  r.s.p.generator.MessageGenerator - Generated: message_418.json
12:46:51.611 [main] INFO  r.s.p.generator.MessageGenerator - Generated: message_419.json
12:46:51.611 [main] INFO  r.s.p.generator.MessageGenerator - Generated: message_420.json
12:46:51.612 [main] INFO  r.s.p.generator.MessageGenerator - Generated: message_421.json
12:46:51.613 [main] INFO  r.s.p.generator.MessageGenerator - Generated: message_422.json
12:46:51.614 [main] INFO  r.s.p.generator.MessageGenerator - Generated: message_423.json
12:46:51.614 [main] INFO  r.s.p.generator.MessageGenerator - Generated: message_424.json
12:46:51.615 [main] INFO  r.s.p.generator.MessageGenerator - Generated: message_425.json
12:46:51.616 [main] INFO  r.s.p.generator.MessageGenerator - Generated: message_426.json
12:46:51.617 [main] INFO  r.s.p.generator.MessageGenerator - Generated: message_427.json
12:46:51.618 [main] INFO  r.s.p.generator.MessageGenerator - Generated: message_428.json
12:46:51.618 [main] INFO  r.s.p.generator.MessageGenerator - Generated: message_429.json
12:46:51.619 [main] INFO  r.s.p.generator.MessageGenerator - Generated: message_430.json
12:46:51.620 [main] INFO  r.s.p.generator.MessageGenerator - Generated: message_431.json
12:46:51.621 [main] INFO  r.s.p.generator.MessageGenerator - Generated: message_432.json
12:46:51.621 [main] INFO  r.s.p.generator.MessageGenerator - Generated: message_433.json
12:46:51.622 [main] INFO  r.s.p.generator.MessageGenerator - Generated: message_434.json
12:46:51.623 [main] INFO  r.s.p.generator.MessageGenerator - Generated: message_435.json
12:46:51.623 [main] INFO  r.s.p.generator.MessageGenerator - Generated: message_436.json
12:46:51.624 [main] INFO  r.s.p.generator.MessageGenerator - Generated: message_437.json
12:46:51.625 [main] INFO  r.s.p.generator.MessageGenerator - Generated: message_438.json
12:46:51.626 [main] INFO  r.s.p.generator.MessageGenerator - Generated: message_439.json
12:46:51.626 [main] INFO  r.s.p.generator.MessageGenerator - Generated: message_440.json
12:46:51.627 [main] INFO  r.s.p.generator.MessageGenerator - Generated: message_441.json
12:46:51.628 [main] INFO  r.s.p.generator.MessageGenerator - Generated: message_442.json
12:46:51.628 [main] INFO  r.s.p.generator.MessageGenerator - Generated: message_443.json
12:46:51.629 [main] INFO  r.s.p.generator.MessageGenerator - Generated: message_444.json
12:46:51.630 [main] INFO  r.s.p.generator.MessageGenerator - Generated: message_445.json
12:46:51.630 [main] INFO  r.s.p.generator.MessageGenerator - Generated: message_446.json
12:46:51.631 [main] INFO  r.s.p.generator.MessageGenerator - Generated: message_447.json
12:46:51.631 [main] INFO  r.s.p.generator.MessageGenerator - Generated: message_448.json
12:46:51.632 [main] INFO  r.s.p.generator.MessageGenerator - Generated: message_449.json
12:46:51.633 [main] INFO  r.s.p.generator.MessageGenerator - Generated: message_450.json
12:46:51.633 [main] INFO  r.s.p.generator.MessageGenerator - Generated: message_451.json
12:46:51.634 [main] INFO  r.s.p.generator.MessageGenerator - Generated: message_452.json
12:46:51.635 [main] INFO  r.s.p.generator.MessageGenerator - Generated: message_453.json
12:46:51.635 [main] INFO  r.s.p.generator.MessageGenerator - Generated: message_454.json
12:46:51.636 [main] INFO  r.s.p.generator.MessageGenerator - Generated: message_455.json
12:46:51.637 [main] INFO  r.s.p.generator.MessageGenerator - Generated: message_456.json
12:46:51.638 [main] INFO  r.s.p.generator.MessageGenerator - Generated: message_457.json
12:46:51.638 [main] INFO  r.s.p.generator.MessageGenerator - Generated: message_458.json
12:46:51.639 [main] INFO  r.s.p.generator.MessageGenerator - Generated: message_459.json
12:46:51.640 [main] INFO  r.s.p.generator.MessageGenerator - Generated: message_460.json
12:46:51.640 [main] INFO  r.s.p.generator.MessageGenerator - Generated: message_461.json
12:46:51.641 [main] INFO  r.s.p.generator.MessageGenerator - Generated: message_462.json
12:46:51.642 [main] INFO  r.s.p.generator.MessageGenerator - Generated: message_463.json
12:46:51.643 [main] INFO  r.s.p.generator.MessageGenerator - Generated: message_464.json
12:46:51.643 [main] INFO  r.s.p.generator.MessageGenerator - Generated: message_465.json
12:46:51.644 [main] INFO  r.s.p.generator.MessageGenerator - Generated: message_466.json
12:46:51.645 [main] INFO  r.s.p.generator.MessageGenerator - Generated: message_467.json
12:46:51.646 [main] INFO  r.s.p.generator.MessageGenerator - Generated: message_468.json
12:46:51.646 [main] INFO  r.s.p.generator.MessageGenerator - Generated: message_469.json
12:46:51.647 [main] INFO  r.s.p.generator.MessageGenerator - Generated: message_470.json
12:46:51.647 [main] INFO  r.s.p.generator.MessageGenerator - Generated: message_471.json
12:46:51.648 [main] INFO  r.s.p.generator.MessageGenerator - Generated: message_472.json
12:46:51.649 [main] INFO  r.s.p.generator.MessageGenerator - Generated: message_473.json
12:46:51.649 [main] INFO  r.s.p.generator.MessageGenerator - Generated: message_474.json
12:46:51.650 [main] INFO  r.s.p.generator.MessageGenerator - Generated: message_475.json
12:46:51.651 [main] INFO  r.s.p.generator.MessageGenerator - Generated: message_476.json
12:46:51.652 [main] INFO  r.s.p.generator.MessageGenerator - Generated: message_477.json
12:46:51.653 [main] INFO  r.s.p.generator.MessageGenerator - Generated: message_478.json
12:46:51.653 [main] INFO  r.s.p.generator.MessageGenerator - Generated: message_479.json
12:46:51.654 [main] INFO  r.s.p.generator.MessageGenerator - Generated: message_480.json
12:46:51.655 [main] INFO  r.s.p.generator.MessageGenerator - Generated: message_481.json
12:46:51.655 [main] INFO  r.s.p.generator.MessageGenerator - Generated: message_482.json
12:46:51.656 [main] INFO  r.s.p.generator.MessageGenerator - Generated: message_483.json
12:46:51.657 [main] INFO  r.s.p.generator.MessageGenerator - Generated: message_484.json
12:46:51.658 [main] INFO  r.s.p.generator.MessageGenerator - Generated: message_485.json
12:46:51.658 [main] INFO  r.s.p.generator.MessageGenerator - Generated: message_486.json
12:46:51.659 [main] INFO  r.s.p.generator.MessageGenerator - Generated: message_487.json
12:46:51.660 [main] INFO  r.s.p.generator.MessageGenerator - Generated: message_488.json
12:46:51.661 [main] INFO  r.s.p.generator.MessageGenerator - Generated: message_489.json
12:46:51.662 [main] INFO  r.s.p.generator.MessageGenerator - Generated: message_490.json
12:46:51.663 [main] INFO  r.s.p.generator.MessageGenerator - Generated: message_491.json
12:46:51.663 [main] INFO  r.s.p.generator.MessageGenerator - Generated: message_492.json
12:46:51.664 [main] INFO  r.s.p.generator.MessageGenerator - Generated: message_493.json
12:46:51.665 [main] INFO  r.s.p.generator.MessageGenerator - Generated: message_494.json
12:46:51.666 [main] INFO  r.s.p.generator.MessageGenerator - Generated: message_495.json
12:46:51.666 [main] INFO  r.s.p.generator.MessageGenerator - Generated: message_496.json
12:46:51.667 [main] INFO  r.s.p.generator.MessageGenerator - Generated: message_497.json
12:46:51.668 [main] INFO  r.s.p.generator.MessageGenerator - Generated: message_498.json
12:46:51.669 [main] INFO  r.s.p.generator.MessageGenerator - Generated: message_499.json
12:46:51.669 [main] INFO  r.s.p.generator.MessageGenerator - Generated: message_500.json
12:46:51.670 [main] INFO  r.s.p.generator.MessageGenerator - Generated: message_501.json
12:46:51.671 [main] INFO  r.s.p.generator.MessageGenerator - Generated: message_502.json
12:46:51.672 [main] INFO  r.s.p.generator.MessageGenerator - Generated: message_503.json
12:46:51.672 [main] INFO  r.s.p.generator.MessageGenerator - Generated: message_504.json
12:46:51.673 [main] INFO  r.s.p.generator.MessageGenerator - Generated: message_505.json
12:46:51.674 [main] INFO  r.s.p.generator.MessageGenerator - Generated: message_506.json
12:46:51.675 [main] INFO  r.s.p.generator.MessageGenerator - Generated: message_507.json
12:46:51.675 [main] INFO  r.s.p.generator.MessageGenerator - Generated: message_508.json
12:46:51.676 [main] INFO  r.s.p.generator.MessageGenerator - Generated: message_509.json
12:46:51.677 [main] INFO  r.s.p.generator.MessageGenerator - Generated: message_510.json
12:46:51.678 [main] INFO  r.s.p.generator.MessageGenerator - Generated: message_511.json
12:46:51.679 [main] INFO  r.s.p.generator.MessageGenerator - Generated: message_512.json
12:46:51.680 [main] INFO  r.s.p.generator.MessageGenerator - Generated: message_513.json
12:46:51.681 [main] INFO  r.s.p.generator.MessageGenerator - Generated: message_514.json
12:46:51.682 [main] INFO  r.s.p.generator.MessageGenerator - Generated: message_515.json
12:46:51.683 [main] INFO  r.s.p.generator.MessageGenerator - Generated: message_516.json
12:46:51.684 [main] INFO  r.s.p.generator.MessageGenerator - Generated: message_517.json
12:46:51.685 [main] INFO  r.s.p.generator.MessageGenerator - Generated: message_518.json
12:46:51.686 [main] INFO  r.s.p.generator.MessageGenerator - Generated: message_519.json
12:46:51.687 [main] INFO  r.s.p.generator.MessageGenerator - Generated: message_520.json
12:46:51.687 [main] INFO  r.s.p.generator.MessageGenerator - Generated: message_521.json
12:46:51.688 [main] INFO  r.s.p.generator.MessageGenerator - Generated: message_522.json
12:46:51.689 [main] INFO  r.s.p.generator.MessageGenerator - Generated: message_523.json
12:46:51.690 [main] INFO  r.s.p.generator.MessageGenerator - Generated: message_524.json
12:46:51.690 [main] INFO  r.s.p.generator.MessageGenerator - Generated: message_525.json
12:46:51.691 [main] INFO  r.s.p.generator.MessageGenerator - Generated: message_526.json
12:46:51.692 [main] INFO  r.s.p.generator.MessageGenerator - Generated: message_527.json
12:46:51.693 [main] INFO  r.s.p.generator.MessageGenerator - Generated: message_528.json
12:46:51.693 [main] INFO  r.s.p.generator.MessageGenerator - Generated: message_529.json
12:46:51.694 [main] INFO  r.s.p.generator.MessageGenerator - Generated: message_530.json
12:46:51.698 [main] INFO  r.s.p.generator.MessageGenerator - Generated: message_531.json
12:46:51.699 [main] INFO  r.s.p.generator.MessageGenerator - Generated: message_532.json
12:46:51.700 [main] INFO  r.s.p.generator.MessageGenerator - Generated: message_533.json
12:46:51.701 [main] INFO  r.s.p.generator.MessageGenerator - Generated: message_534.json
12:46:51.702 [main] INFO  r.s.p.generator.MessageGenerator - Generated: message_535.json
12:46:51.702 [main] INFO  r.s.p.generator.MessageGenerator - Generated: message_536.json
12:46:51.703 [main] INFO  r.s.p.generator.MessageGenerator - Generated: message_537.json
12:46:51.704 [main] INFO  r.s.p.generator.MessageGenerator - Generated: message_538.json
12:46:51.704 [main] INFO  r.s.p.generator.MessageGenerator - Generated: message_539.json
12:46:51.705 [main] INFO  r.s.p.generator.MessageGenerator - Generated: message_540.json
12:46:51.706 [main] INFO  r.s.p.generator.MessageGenerator - Generated: message_541.json
12:46:51.707 [main] INFO  r.s.p.generator.MessageGenerator - Generated: message_542.json
12:46:51.708 [main] INFO  r.s.p.generator.MessageGenerator - Generated: message_543.json
12:46:51.708 [main] INFO  r.s.p.generator.MessageGenerator - Generated: message_544.json
12:46:51.709 [main] INFO  r.s.p.generator.MessageGenerator - Generated: message_545.json
12:46:51.710 [main] INFO  r.s.p.generator.MessageGenerator - Generated: message_546.json
12:46:51.710 [main] INFO  r.s.p.generator.MessageGenerator - Generated: message_547.json
12:46:51.711 [main] INFO  r.s.p.generator.MessageGenerator - Generated: message_548.json
12:46:51.712 [main] INFO  r.s.p.generator.MessageGenerator - Generated: message_549.json
12:46:51.712 [main] INFO  r.s.p.generator.MessageGenerator - Generated: message_550.json
12:46:51.713 [main] INFO  r.s.p.generator.MessageGenerator - Generated: message_551.json
12:46:51.714 [main] INFO  r.s.p.generator.MessageGenerator - Generated: message_552.json
12:46:51.715 [main] INFO  r.s.p.generator.MessageGenerator - Generated: message_553.json
12:46:51.715 [main] INFO  r.s.p.generator.MessageGenerator - Generated: message_554.json
12:46:51.716 [main] INFO  r.s.p.generator.MessageGenerator - Generated: message_555.json
12:46:51.717 [main] INFO  r.s.p.generator.MessageGenerator - Generated: message_556.json
12:46:51.717 [main] INFO  r.s.p.generator.MessageGenerator - Generated: message_557.json
12:46:51.718 [main] INFO  r.s.p.generator.MessageGenerator - Generated: message_558.json
12:46:51.719 [main] INFO  r.s.p.generator.MessageGenerator - Generated: message_559.json
12:46:51.720 [main] INFO  r.s.p.generator.MessageGenerator - Generated: message_560.json
12:46:51.720 [main] INFO  r.s.p.generator.MessageGenerator - Generated: message_561.json
12:46:51.721 [main] INFO  r.s.p.generator.MessageGenerator - Generated: message_562.json
12:46:51.722 [main] INFO  r.s.p.generator.MessageGenerator - Generated: message_563.json
12:46:51.723 [main] INFO  r.s.p.generator.MessageGenerator - Generated: message_564.json
12:46:51.723 [main] INFO  r.s.p.generator.MessageGenerator - Generated: message_565.json
12:46:51.724 [main] INFO  r.s.p.generator.MessageGenerator - Generated: message_566.json
12:46:51.724 [main] INFO  r.s.p.generator.MessageGenerator - Generated: message_567.json
12:46:51.725 [main] INFO  r.s.p.generator.MessageGenerator - Generated: message_568.json
12:46:51.726 [main] INFO  r.s.p.generator.MessageGenerator - Generated: message_569.json
12:46:51.727 [main] INFO  r.s.p.generator.MessageGenerator - Generated: message_570.json
12:46:51.728 [main] INFO  r.s.p.generator.MessageGenerator - Generated: message_571.json
12:46:51.728 [main] INFO  r.s.p.generator.MessageGenerator - Generated: message_572.json
12:46:51.729 [main] INFO  r.s.p.generator.MessageGenerator - Generated: message_573.json
12:46:51.730 [main] INFO  r.s.p.generator.MessageGenerator - Generated: message_574.json
12:46:51.731 [main] INFO  r.s.p.generator.MessageGenerator - Generated: message_575.json
12:46:51.732 [main] INFO  r.s.p.generator.MessageGenerator - Generated: message_576.json
12:46:51.732 [main] INFO  r.s.p.generator.MessageGenerator - Generated: message_577.json
12:46:51.733 [main] INFO  r.s.p.generator.MessageGenerator - Generated: message_578.json
12:46:51.734 [main] INFO  r.s.p.generator.MessageGenerator - Generated: message_579.json
12:46:51.735 [main] INFO  r.s.p.generator.MessageGenerator - Generated: message_580.json
12:46:51.736 [main] INFO  r.s.p.generator.MessageGenerator - Generated: message_581.json
12:46:51.737 [main] INFO  r.s.p.generator.MessageGenerator - Generated: message_582.json
12:46:51.738 [main] INFO  r.s.p.generator.MessageGenerator - Generated: message_583.json
12:46:51.738 [main] INFO  r.s.p.generator.MessageGenerator - Generated: message_584.json
12:46:51.739 [main] INFO  r.s.p.generator.MessageGenerator - Generated: message_585.json
12:46:51.740 [main] INFO  r.s.p.generator.MessageGenerator - Generated: message_586.json
12:46:51.741 [main] INFO  r.s.p.generator.MessageGenerator - Generated: message_587.json
12:46:51.741 [main] INFO  r.s.p.generator.MessageGenerator - Generated: message_588.json
12:46:51.742 [main] INFO  r.s.p.generator.MessageGenerator - Generated: message_589.json
12:46:51.743 [main] INFO  r.s.p.generator.MessageGenerator - Generated: message_590.json
12:46:51.743 [main] INFO  r.s.p.generator.MessageGenerator - Generated: message_591.json
12:46:51.744 [main] INFO  r.s.p.generator.MessageGenerator - Generated: message_592.json
12:46:51.744 [main] INFO  r.s.p.generator.MessageGenerator - Generated: message_593.json
12:46:51.745 [main] INFO  r.s.p.generator.MessageGenerator - Generated: message_594.json
12:46:51.746 [main] INFO  r.s.p.generator.MessageGenerator - Generated: message_595.json
12:46:51.747 [main] INFO  r.s.p.generator.MessageGenerator - Generated: message_596.json
12:46:51.747 [main] INFO  r.s.p.generator.MessageGenerator - Generated: message_597.json
12:46:51.748 [main] INFO  r.s.p.generator.MessageGenerator - Generated: message_598.json
12:46:51.749 [main] INFO  r.s.p.generator.MessageGenerator - Generated: message_599.json
12:46:51.749 [main] INFO  r.s.p.generator.MessageGenerator - Generated: message_600.json
12:46:51.770 [main] INFO  r.s.p.generator.MessageGenerator - Generated: message_601.json
12:46:51.772 [main] INFO  r.s.p.generator.MessageGenerator - Generated: message_602.json
12:46:51.774 [main] INFO  r.s.p.generator.MessageGenerator - Generated: message_603.json
12:46:51.775 [main] INFO  r.s.p.generator.MessageGenerator - Generated: message_604.json
12:46:51.776 [main] INFO  r.s.p.generator.MessageGenerator - Generated: message_605.json
12:46:51.776 [main] INFO  r.s.p.generator.MessageGenerator - Generated: message_606.json
12:46:51.777 [main] INFO  r.s.p.generator.MessageGenerator - Generated: message_607.json
12:46:51.778 [main] INFO  r.s.p.generator.MessageGenerator - Generated: message_608.json
12:46:51.779 [main] INFO  r.s.p.generator.MessageGenerator - Generated: message_609.json
12:46:51.780 [main] INFO  r.s.p.generator.MessageGenerator - Generated: message_610.json
12:46:51.780 [main] INFO  r.s.p.generator.MessageGenerator - Generated: message_611.json
12:46:51.781 [main] INFO  r.s.p.generator.MessageGenerator - Generated: message_612.json
12:46:51.782 [main] INFO  r.s.p.generator.MessageGenerator - Generated: message_613.json
12:46:51.783 [main] INFO  r.s.p.generator.MessageGenerator - Generated: message_614.json
12:46:51.783 [main] INFO  r.s.p.generator.MessageGenerator - Generated: message_615.json
12:46:51.784 [main] INFO  r.s.p.generator.MessageGenerator - Generated: message_616.json
12:46:51.785 [main] INFO  r.s.p.generator.MessageGenerator - Generated: message_617.json
12:46:51.786 [main] INFO  r.s.p.generator.MessageGenerator - Generated: message_618.json
12:46:51.787 [main] INFO  r.s.p.generator.MessageGenerator - Generated: message_619.json
12:46:51.787 [main] INFO  r.s.p.generator.MessageGenerator - Generated: message_620.json
12:46:51.788 [main] INFO  r.s.p.generator.MessageGenerator - Generated: message_621.json
12:46:51.789 [main] INFO  r.s.p.generator.MessageGenerator - Generated: message_622.json
12:46:51.790 [main] INFO  r.s.p.generator.MessageGenerator - Generated: message_623.json
12:46:51.790 [main] INFO  r.s.p.generator.MessageGenerator - Generated: message_624.json
12:46:51.791 [main] INFO  r.s.p.generator.MessageGenerator - Generated: message_625.json
12:46:51.792 [main] INFO  r.s.p.generator.MessageGenerator - Generated: message_626.json
12:46:51.792 [main] INFO  r.s.p.generator.MessageGenerator - Generated: message_627.json
12:46:51.793 [main] INFO  r.s.p.generator.MessageGenerator - Generated: message_628.json
12:46:51.794 [main] INFO  r.s.p.generator.MessageGenerator - Generated: message_629.json
12:46:51.795 [main] INFO  r.s.p.generator.MessageGenerator - Generated: message_630.json
12:46:51.795 [main] INFO  r.s.p.generator.MessageGenerator - Generated: message_631.json
12:46:51.796 [main] INFO  r.s.p.generator.MessageGenerator - Generated: message_632.json
12:46:51.797 [main] INFO  r.s.p.generator.MessageGenerator - Generated: message_633.json
12:46:51.798 [main] INFO  r.s.p.generator.MessageGenerator - Generated: message_634.json
12:46:51.798 [main] INFO  r.s.p.generator.MessageGenerator - Generated: message_635.json
12:46:51.799 [main] INFO  r.s.p.generator.MessageGenerator - Generated: message_636.json
12:46:51.800 [main] INFO  r.s.p.generator.MessageGenerator - Generated: message_637.json
12:46:51.800 [main] INFO  r.s.p.generator.MessageGenerator - Generated: message_638.json
12:46:51.801 [main] INFO  r.s.p.generator.MessageGenerator - Generated: message_639.json
12:46:51.802 [main] INFO  r.s.p.generator.MessageGenerator - Generated: message_640.json
12:46:51.803 [main] INFO  r.s.p.generator.MessageGenerator - Generated: message_641.json
12:46:51.804 [main] INFO  r.s.p.generator.MessageGenerator - Generated: message_642.json
12:46:51.804 [main] INFO  r.s.p.generator.MessageGenerator - Generated: message_643.json
12:46:51.805 [main] INFO  r.s.p.generator.MessageGenerator - Generated: message_644.json
12:46:51.805 [main] INFO  r.s.p.generator.MessageGenerator - Generated: message_645.json
12:46:51.806 [main] INFO  r.s.p.generator.MessageGenerator - Generated: message_646.json
12:46:51.807 [main] INFO  r.s.p.generator.MessageGenerator - Generated: message_647.json
12:46:51.808 [main] INFO  r.s.p.generator.MessageGenerator - Generated: message_648.json
12:46:51.808 [main] INFO  r.s.p.generator.MessageGenerator - Generated: message_649.json
12:46:51.809 [main] INFO  r.s.p.generator.MessageGenerator - Generated: message_650.json
12:46:51.810 [main] INFO  r.s.p.generator.MessageGenerator - Generated: message_651.json
12:46:51.811 [main] INFO  r.s.p.generator.MessageGenerator - Generated: message_652.json
12:46:51.812 [main] INFO  r.s.p.generator.MessageGenerator - Generated: message_653.json
12:46:51.813 [main] INFO  r.s.p.generator.MessageGenerator - Generated: message_654.json
12:46:51.814 [main] INFO  r.s.p.generator.MessageGenerator - Generated: message_655.json
12:46:51.815 [main] INFO  r.s.p.generator.MessageGenerator - Generated: message_656.json
12:46:51.816 [main] INFO  r.s.p.generator.MessageGenerator - Generated: message_657.json
12:46:51.817 [main] INFO  r.s.p.generator.MessageGenerator - Generated: message_658.json
12:46:51.817 [main] INFO  r.s.p.generator.MessageGenerator - Generated: message_659.json
12:46:51.818 [main] INFO  r.s.p.generator.MessageGenerator - Generated: message_660.json
12:46:51.819 [main] INFO  r.s.p.generator.MessageGenerator - Generated: message_661.json
12:46:51.820 [main] INFO  r.s.p.generator.MessageGenerator - Generated: message_662.json
12:46:51.820 [main] INFO  r.s.p.generator.MessageGenerator - Generated: message_663.json
12:46:51.821 [main] INFO  r.s.p.generator.MessageGenerator - Generated: message_664.json
12:46:51.822 [main] INFO  r.s.p.generator.MessageGenerator - Generated: message_665.json
12:46:51.823 [main] INFO  r.s.p.generator.MessageGenerator - Generated: message_666.json
12:46:51.823 [main] INFO  r.s.p.generator.MessageGenerator - Generated: message_667.json
12:46:51.824 [main] INFO  r.s.p.generator.MessageGenerator - Generated: message_668.json
12:46:51.825 [main] INFO  r.s.p.generator.MessageGenerator - Generated: message_669.json
12:46:51.825 [main] INFO  r.s.p.generator.MessageGenerator - Generated: message_670.json
12:46:51.826 [main] INFO  r.s.p.generator.MessageGenerator - Generated: message_671.json
12:46:51.827 [main] INFO  r.s.p.generator.MessageGenerator - Generated: message_672.json
12:46:51.828 [main] INFO  r.s.p.generator.MessageGenerator - Generated: message_673.json
12:46:51.828 [main] INFO  r.s.p.generator.MessageGenerator - Generated: message_674.json
12:46:51.829 [main] INFO  r.s.p.generator.MessageGenerator - Generated: message_675.json
12:46:51.830 [main] INFO  r.s.p.generator.MessageGenerator - Generated: message_676.json
12:46:51.830 [main] INFO  r.s.p.generator.MessageGenerator - Generated: message_677.json
12:46:51.831 [main] INFO  r.s.p.generator.MessageGenerator - Generated: message_678.json
12:46:51.832 [main] INFO  r.s.p.generator.MessageGenerator - Generated: message_679.json
12:46:51.832 [main] INFO  r.s.p.generator.MessageGenerator - Generated: message_680.json
12:46:51.833 [main] INFO  r.s.p.generator.MessageGenerator - Generated: message_681.json
12:46:51.834 [main] INFO  r.s.p.generator.MessageGenerator - Generated: message_682.json
12:46:51.835 [main] INFO  r.s.p.generator.MessageGenerator - Generated: message_683.json
12:46:51.836 [main] INFO  r.s.p.generator.MessageGenerator - Generated: message_684.json
12:46:51.836 [main] INFO  r.s.p.generator.MessageGenerator - Generated: message_685.json
12:46:51.837 [main] INFO  r.s.p.generator.MessageGenerator - Generated: message_686.json
12:46:51.838 [main] INFO  r.s.p.generator.MessageGenerator - Generated: message_687.json
12:46:51.838 [main] INFO  r.s.p.generator.MessageGenerator - Generated: message_688.json
12:46:51.839 [main] INFO  r.s.p.generator.MessageGenerator - Generated: message_689.json
12:46:51.840 [main] INFO  r.s.p.generator.MessageGenerator - Generated: message_690.json
12:46:51.840 [main] INFO  r.s.p.generator.MessageGenerator - Generated: message_691.json
12:46:51.841 [main] INFO  r.s.p.generator.MessageGenerator - Generated: message_692.json
12:46:51.842 [main] INFO  r.s.p.generator.MessageGenerator - Generated: message_693.json
12:46:51.842 [main] INFO  r.s.p.generator.MessageGenerator - Generated: message_694.json
12:46:51.843 [main] INFO  r.s.p.generator.MessageGenerator - Generated: message_695.json
12:46:51.844 [main] INFO  r.s.p.generator.MessageGenerator - Generated: message_696.json
12:46:51.851 [main] INFO  r.s.p.generator.MessageGenerator - Generated: message_697.json
12:46:51.852 [main] INFO  r.s.p.generator.MessageGenerator - Generated: message_698.json
12:46:51.853 [main] INFO  r.s.p.generator.MessageGenerator - Generated: message_699.json
12:46:51.853 [main] INFO  r.s.p.generator.MessageGenerator - Generated: message_700.json
12:46:51.855 [main] INFO  r.s.p.generator.MessageGenerator - Generated: message_701.json
12:46:51.862 [main] INFO  r.s.p.generator.MessageGenerator - Generated: message_702.json
12:46:51.865 [main] INFO  r.s.p.generator.MessageGenerator - Generated: message_703.json
12:46:51.867 [main] INFO  r.s.p.generator.MessageGenerator - Generated: message_704.json
12:46:51.868 [main] INFO  r.s.p.generator.MessageGenerator - Generated: message_705.json
12:46:51.868 [main] INFO  r.s.p.generator.MessageGenerator - Generated: message_706.json
12:46:51.869 [main] INFO  r.s.p.generator.MessageGenerator - Generated: message_707.json
12:46:51.870 [main] INFO  r.s.p.generator.MessageGenerator - Generated: message_708.json
12:46:51.871 [main] INFO  r.s.p.generator.MessageGenerator - Generated: message_709.json
12:46:51.872 [main] INFO  r.s.p.generator.MessageGenerator - Generated: message_710.json
12:46:51.873 [main] INFO  r.s.p.generator.MessageGenerator - Generated: message_711.json
12:46:51.874 [main] INFO  r.s.p.generator.MessageGenerator - Generated: message_712.json
12:46:51.874 [main] INFO  r.s.p.generator.MessageGenerator - Generated: message_713.json
12:46:51.875 [main] INFO  r.s.p.generator.MessageGenerator - Generated: message_714.json
12:46:51.877 [main] INFO  r.s.p.generator.MessageGenerator - Generated: message_715.json
12:46:51.877 [main] INFO  r.s.p.generator.MessageGenerator - Generated: message_716.json
12:46:51.878 [main] INFO  r.s.p.generator.MessageGenerator - Generated: message_717.json
12:46:51.879 [main] INFO  r.s.p.generator.MessageGenerator - Generated: message_718.json
12:46:51.880 [main] INFO  r.s.p.generator.MessageGenerator - Generated: message_719.json
12:46:51.881 [main] INFO  r.s.p.generator.MessageGenerator - Generated: message_720.json
12:46:51.881 [main] INFO  r.s.p.generator.MessageGenerator - Generated: message_721.json
12:46:51.882 [main] INFO  r.s.p.generator.MessageGenerator - Generated: message_722.json
12:46:51.883 [main] INFO  r.s.p.generator.MessageGenerator - Generated: message_723.json
12:46:51.886 [main] INFO  r.s.p.generator.MessageGenerator - Generated: message_724.json
12:46:51.887 [main] INFO  r.s.p.generator.MessageGenerator - Generated: message_725.json
12:46:51.888 [main] INFO  r.s.p.generator.MessageGenerator - Generated: message_726.json
12:46:51.889 [main] INFO  r.s.p.generator.MessageGenerator - Generated: message_727.json
12:46:51.889 [main] INFO  r.s.p.generator.MessageGenerator - Generated: message_728.json
12:46:51.890 [main] INFO  r.s.p.generator.MessageGenerator - Generated: message_729.json
12:46:51.891 [main] INFO  r.s.p.generator.MessageGenerator - Generated: message_730.json
12:46:51.892 [main] INFO  r.s.p.generator.MessageGenerator - Generated: message_731.json
12:46:51.892 [main] INFO  r.s.p.generator.MessageGenerator - Generated: message_732.json
12:46:51.893 [main] INFO  r.s.p.generator.MessageGenerator - Generated: message_733.json
12:46:51.894 [main] INFO  r.s.p.generator.MessageGenerator - Generated: message_734.json
12:46:51.894 [main] INFO  r.s.p.generator.MessageGenerator - Generated: message_735.json
12:46:51.895 [main] INFO  r.s.p.generator.MessageGenerator - Generated: message_736.json
12:46:51.896 [main] INFO  r.s.p.generator.MessageGenerator - Generated: message_737.json
12:46:51.896 [main] INFO  r.s.p.generator.MessageGenerator - Generated: message_738.json
12:46:51.897 [main] INFO  r.s.p.generator.MessageGenerator - Generated: message_739.json
12:46:51.901 [main] INFO  r.s.p.generator.MessageGenerator - Generated: message_740.json
12:46:51.902 [main] INFO  r.s.p.generator.MessageGenerator - Generated: message_741.json
12:46:51.903 [main] INFO  r.s.p.generator.MessageGenerator - Generated: message_742.json
12:46:51.904 [main] INFO  r.s.p.generator.MessageGenerator - Generated: message_743.json
12:46:51.905 [main] INFO  r.s.p.generator.MessageGenerator - Generated: message_744.json
12:46:51.906 [main] INFO  r.s.p.generator.MessageGenerator - Generated: message_745.json
12:46:51.907 [main] INFO  r.s.p.generator.MessageGenerator - Generated: message_746.json
12:46:51.907 [main] INFO  r.s.p.generator.MessageGenerator - Generated: message_747.json
12:46:51.908 [main] INFO  r.s.p.generator.MessageGenerator - Generated: message_748.json
12:46:51.909 [main] INFO  r.s.p.generator.MessageGenerator - Generated: message_749.json
12:46:51.910 [main] INFO  r.s.p.generator.MessageGenerator - Generated: message_750.json
12:46:51.911 [main] INFO  r.s.p.generator.MessageGenerator - Generated: message_751.json
12:46:51.911 [main] INFO  r.s.p.generator.MessageGenerator - Generated: message_752.json
12:46:51.912 [main] INFO  r.s.p.generator.MessageGenerator - Generated: message_753.json
12:46:51.913 [main] INFO  r.s.p.generator.MessageGenerator - Generated: message_754.json
12:46:51.914 [main] INFO  r.s.p.generator.MessageGenerator - Generated: message_755.json
12:46:51.915 [main] INFO  r.s.p.generator.MessageGenerator - Generated: message_756.json
12:46:51.919 [main] INFO  r.s.p.generator.MessageGenerator - Generated: message_757.json
12:46:51.920 [main] INFO  r.s.p.generator.MessageGenerator - Generated: message_758.json
12:46:51.921 [main] INFO  r.s.p.generator.MessageGenerator - Generated: message_759.json
12:46:51.922 [main] INFO  r.s.p.generator.MessageGenerator - Generated: message_760.json
12:46:51.923 [main] INFO  r.s.p.generator.MessageGenerator - Generated: message_761.json
12:46:51.924 [main] INFO  r.s.p.generator.MessageGenerator - Generated: message_762.json
12:46:51.925 [main] INFO  r.s.p.generator.MessageGenerator - Generated: message_763.json
12:46:51.926 [main] INFO  r.s.p.generator.MessageGenerator - Generated: message_764.json
12:46:51.926 [main] INFO  r.s.p.generator.MessageGenerator - Generated: message_765.json
12:46:51.927 [main] INFO  r.s.p.generator.MessageGenerator - Generated: message_766.json
12:46:51.928 [main] INFO  r.s.p.generator.MessageGenerator - Generated: message_767.json
12:46:51.934 [main] INFO  r.s.p.generator.MessageGenerator - Generated: message_768.json
12:46:51.936 [main] INFO  r.s.p.generator.MessageGenerator - Generated: message_769.json
12:46:51.937 [main] INFO  r.s.p.generator.MessageGenerator - Generated: message_770.json
12:46:51.938 [main] INFO  r.s.p.generator.MessageGenerator - Generated: message_771.json
12:46:51.939 [main] INFO  r.s.p.generator.MessageGenerator - Generated: message_772.json
12:46:51.939 [main] INFO  r.s.p.generator.MessageGenerator - Generated: message_773.json
12:46:51.940 [main] INFO  r.s.p.generator.MessageGenerator - Generated: message_774.json
12:46:51.941 [main] INFO  r.s.p.generator.MessageGenerator - Generated: message_775.json
12:46:51.942 [main] INFO  r.s.p.generator.MessageGenerator - Generated: message_776.json
12:46:51.943 [main] INFO  r.s.p.generator.MessageGenerator - Generated: message_777.json
12:46:51.943 [main] INFO  r.s.p.generator.MessageGenerator - Generated: message_778.json
12:46:51.944 [main] INFO  r.s.p.generator.MessageGenerator - Generated: message_779.json
12:46:51.945 [main] INFO  r.s.p.generator.MessageGenerator - Generated: message_780.json
12:46:51.947 [main] INFO  r.s.p.generator.MessageGenerator - Generated: message_781.json
12:46:51.948 [main] INFO  r.s.p.generator.MessageGenerator - Generated: message_782.json
12:46:51.949 [main] INFO  r.s.p.generator.MessageGenerator - Generated: message_783.json
12:46:51.949 [main] INFO  r.s.p.generator.MessageGenerator - Generated: message_784.json
12:46:51.950 [main] INFO  r.s.p.generator.MessageGenerator - Generated: message_785.json
12:46:51.952 [main] INFO  r.s.p.generator.MessageGenerator - Generated: message_786.json
12:46:51.958 [main] INFO  r.s.p.generator.MessageGenerator - Generated: message_787.json
12:46:51.959 [main] INFO  r.s.p.generator.MessageGenerator - Generated: message_788.json
12:46:51.960 [main] INFO  r.s.p.generator.MessageGenerator - Generated: message_789.json
12:46:51.961 [main] INFO  r.s.p.generator.MessageGenerator - Generated: message_790.json
12:46:51.961 [main] INFO  r.s.p.generator.MessageGenerator - Generated: message_791.json
12:46:51.962 [main] INFO  r.s.p.generator.MessageGenerator - Generated: message_792.json
12:46:51.963 [main] INFO  r.s.p.generator.MessageGenerator - Generated: message_793.json
12:46:51.963 [main] INFO  r.s.p.generator.MessageGenerator - Generated: message_794.json
12:46:51.964 [main] INFO  r.s.p.generator.MessageGenerator - Generated: message_795.json
12:46:51.965 [main] INFO  r.s.p.generator.MessageGenerator - Generated: message_796.json
12:46:51.966 [main] INFO  r.s.p.generator.MessageGenerator - Generated: message_797.json
12:46:51.966 [main] INFO  r.s.p.generator.MessageGenerator - Generated: message_798.json
12:46:51.967 [main] INFO  r.s.p.generator.MessageGenerator - Generated: message_799.json
12:46:51.967 [main] INFO  r.s.p.generator.MessageGenerator - Generated: message_800.json
12:46:51.968 [main] INFO  r.s.p.generator.MessageGenerator - Generated: message_801.json
12:46:51.969 [main] INFO  r.s.p.generator.MessageGenerator - Generated: message_802.json
12:46:51.970 [main] INFO  r.s.p.generator.MessageGenerator - Generated: message_803.json
12:46:51.971 [main] INFO  r.s.p.generator.MessageGenerator - Generated: message_804.json
12:46:51.971 [main] INFO  r.s.p.generator.MessageGenerator - Generated: message_805.json
12:46:51.972 [main] INFO  r.s.p.generator.MessageGenerator - Generated: message_806.json
12:46:51.973 [main] INFO  r.s.p.generator.MessageGenerator - Generated: message_807.json
12:46:51.974 [main] INFO  r.s.p.generator.MessageGenerator - Generated: message_808.json
12:46:51.974 [main] INFO  r.s.p.generator.MessageGenerator - Generated: message_809.json
12:46:51.975 [main] INFO  r.s.p.generator.MessageGenerator - Generated: message_810.json
12:46:51.976 [main] INFO  r.s.p.generator.MessageGenerator - Generated: message_811.json
12:46:51.976 [main] INFO  r.s.p.generator.MessageGenerator - Generated: message_812.json
12:46:51.978 [main] INFO  r.s.p.generator.MessageGenerator - Generated: message_813.json
12:46:51.981 [main] INFO  r.s.p.generator.MessageGenerator - Generated: message_814.json
12:46:51.982 [main] INFO  r.s.p.generator.MessageGenerator - Generated: message_815.json
12:46:51.983 [main] INFO  r.s.p.generator.MessageGenerator - Generated: message_816.json
12:46:51.983 [main] INFO  r.s.p.generator.MessageGenerator - Generated: message_817.json
12:46:51.984 [main] INFO  r.s.p.generator.MessageGenerator - Generated: message_818.json
12:46:51.985 [main] INFO  r.s.p.generator.MessageGenerator - Generated: message_819.json
12:46:51.985 [main] INFO  r.s.p.generator.MessageGenerator - Generated: message_820.json
12:46:51.986 [main] INFO  r.s.p.generator.MessageGenerator - Generated: message_821.json
12:46:51.987 [main] INFO  r.s.p.generator.MessageGenerator - Generated: message_822.json
12:46:51.987 [main] INFO  r.s.p.generator.MessageGenerator - Generated: message_823.json
12:46:51.988 [main] INFO  r.s.p.generator.MessageGenerator - Generated: message_824.json
12:46:51.989 [main] INFO  r.s.p.generator.MessageGenerator - Generated: message_825.json
12:46:51.990 [main] INFO  r.s.p.generator.MessageGenerator - Generated: message_826.json
12:46:51.990 [main] INFO  r.s.p.generator.MessageGenerator - Generated: message_827.json
12:46:51.991 [main] INFO  r.s.p.generator.MessageGenerator - Generated: message_828.json
12:46:51.991 [main] INFO  r.s.p.generator.MessageGenerator - Generated: message_829.json
12:46:51.992 [main] INFO  r.s.p.generator.MessageGenerator - Generated: message_830.json
12:46:51.993 [main] INFO  r.s.p.generator.MessageGenerator - Generated: message_831.json
12:46:51.994 [main] INFO  r.s.p.generator.MessageGenerator - Generated: message_832.json
12:46:51.995 [main] INFO  r.s.p.generator.MessageGenerator - Generated: message_833.json
12:46:51.995 [main] INFO  r.s.p.generator.MessageGenerator - Generated: message_834.json
12:46:51.996 [main] INFO  r.s.p.generator.MessageGenerator - Generated: message_835.json
12:46:51.997 [main] INFO  r.s.p.generator.MessageGenerator - Generated: message_836.json
12:46:51.998 [main] INFO  r.s.p.generator.MessageGenerator - Generated: message_837.json
12:46:51.998 [main] INFO  r.s.p.generator.MessageGenerator - Generated: message_838.json
12:46:51.999 [main] INFO  r.s.p.generator.MessageGenerator - Generated: message_839.json
12:46:52.000 [main] INFO  r.s.p.generator.MessageGenerator - Generated: message_840.json
12:46:52.003 [main] INFO  r.s.p.generator.MessageGenerator - Generated: message_841.json
12:46:52.006 [main] INFO  r.s.p.generator.MessageGenerator - Generated: message_842.json
12:46:52.007 [main] INFO  r.s.p.generator.MessageGenerator - Generated: message_843.json
12:46:52.008 [main] INFO  r.s.p.generator.MessageGenerator - Generated: message_844.json
12:46:52.009 [main] INFO  r.s.p.generator.MessageGenerator - Generated: message_845.json
12:46:52.011 [main] INFO  r.s.p.generator.MessageGenerator - Generated: message_846.json
12:46:52.011 [main] INFO  r.s.p.generator.MessageGenerator - Generated: message_847.json
12:46:52.013 [main] INFO  r.s.p.generator.MessageGenerator - Generated: message_848.json
12:46:52.014 [main] INFO  r.s.p.generator.MessageGenerator - Generated: message_849.json
12:46:52.015 [main] INFO  r.s.p.generator.MessageGenerator - Generated: message_850.json
12:46:52.016 [main] INFO  r.s.p.generator.MessageGenerator - Generated: message_851.json
12:46:52.017 [main] INFO  r.s.p.generator.MessageGenerator - Generated: message_852.json
12:46:52.018 [main] INFO  r.s.p.generator.MessageGenerator - Generated: message_853.json
12:46:52.018 [main] INFO  r.s.p.generator.MessageGenerator - Generated: message_854.json
12:46:52.019 [main] INFO  r.s.p.generator.MessageGenerator - Generated: message_855.json
12:46:52.020 [main] INFO  r.s.p.generator.MessageGenerator - Generated: message_856.json
12:46:52.021 [main] INFO  r.s.p.generator.MessageGenerator - Generated: message_857.json
12:46:52.022 [main] INFO  r.s.p.generator.MessageGenerator - Generated: message_858.json
12:46:52.023 [main] INFO  r.s.p.generator.MessageGenerator - Generated: message_859.json
12:46:52.024 [main] INFO  r.s.p.generator.MessageGenerator - Generated: message_860.json
12:46:52.025 [main] INFO  r.s.p.generator.MessageGenerator - Generated: message_861.json
12:46:52.025 [main] INFO  r.s.p.generator.MessageGenerator - Generated: message_862.json
12:46:52.027 [main] INFO  r.s.p.generator.MessageGenerator - Generated: message_863.json
12:46:52.028 [main] INFO  r.s.p.generator.MessageGenerator - Generated: message_864.json
12:46:52.028 [main] INFO  r.s.p.generator.MessageGenerator - Generated: message_865.json
12:46:52.029 [main] INFO  r.s.p.generator.MessageGenerator - Generated: message_866.json
12:46:52.030 [main] INFO  r.s.p.generator.MessageGenerator - Generated: message_867.json
12:46:52.031 [main] INFO  r.s.p.generator.MessageGenerator - Generated: message_868.json
12:46:52.032 [main] INFO  r.s.p.generator.MessageGenerator - Generated: message_869.json
12:46:52.032 [main] INFO  r.s.p.generator.MessageGenerator - Generated: message_870.json
12:46:52.033 [main] INFO  r.s.p.generator.MessageGenerator - Generated: message_871.json
12:46:52.034 [main] INFO  r.s.p.generator.MessageGenerator - Generated: message_872.json
12:46:52.035 [main] INFO  r.s.p.generator.MessageGenerator - Generated: message_873.json
12:46:52.036 [main] INFO  r.s.p.generator.MessageGenerator - Generated: message_874.json
12:46:52.036 [main] INFO  r.s.p.generator.MessageGenerator - Generated: message_875.json
12:46:52.037 [main] INFO  r.s.p.generator.MessageGenerator - Generated: message_876.json
12:46:52.038 [main] INFO  r.s.p.generator.MessageGenerator - Generated: message_877.json
12:46:52.039 [main] INFO  r.s.p.generator.MessageGenerator - Generated: message_878.json
12:46:52.039 [main] INFO  r.s.p.generator.MessageGenerator - Generated: message_879.json
12:46:52.040 [main] INFO  r.s.p.generator.MessageGenerator - Generated: message_880.json
12:46:52.041 [main] INFO  r.s.p.generator.MessageGenerator - Generated: message_881.json
12:46:52.041 [main] INFO  r.s.p.generator.MessageGenerator - Generated: message_882.json
12:46:52.042 [main] INFO  r.s.p.generator.MessageGenerator - Generated: message_883.json
12:46:52.043 [main] INFO  r.s.p.generator.MessageGenerator - Generated: message_884.json
12:46:52.044 [main] INFO  r.s.p.generator.MessageGenerator - Generated: message_885.json
12:46:52.045 [main] INFO  r.s.p.generator.MessageGenerator - Generated: message_886.json
12:46:52.045 [main] INFO  r.s.p.generator.MessageGenerator - Generated: message_887.json
12:46:52.046 [main] INFO  r.s.p.generator.MessageGenerator - Generated: message_888.json
12:46:52.047 [main] INFO  r.s.p.generator.MessageGenerator - Generated: message_889.json
12:46:52.048 [main] INFO  r.s.p.generator.MessageGenerator - Generated: message_890.json
12:46:52.048 [main] INFO  r.s.p.generator.MessageGenerator - Generated: message_891.json
12:46:52.049 [main] INFO  r.s.p.generator.MessageGenerator - Generated: message_892.json
12:46:52.050 [main] INFO  r.s.p.generator.MessageGenerator - Generated: message_893.json
12:46:52.051 [main] INFO  r.s.p.generator.MessageGenerator - Generated: message_894.json
12:46:52.052 [main] INFO  r.s.p.generator.MessageGenerator - Generated: message_895.json
12:46:52.054 [main] INFO  r.s.p.generator.MessageGenerator - Generated: message_896.json
12:46:52.055 [main] INFO  r.s.p.generator.MessageGenerator - Generated: message_897.json
12:46:52.056 [main] INFO  r.s.p.generator.MessageGenerator - Generated: message_898.json
12:46:52.057 [main] INFO  r.s.p.generator.MessageGenerator - Generated: message_899.json
12:46:52.057 [main] INFO  r.s.p.generator.MessageGenerator - Generated: message_900.json
12:46:52.058 [main] INFO  r.s.p.generator.MessageGenerator - Generated: message_901.json
12:46:52.059 [main] INFO  r.s.p.generator.MessageGenerator - Generated: message_902.json
12:46:52.060 [main] INFO  r.s.p.generator.MessageGenerator - Generated: message_903.json
12:46:52.061 [main] INFO  r.s.p.generator.MessageGenerator - Generated: message_904.json
12:46:52.061 [main] INFO  r.s.p.generator.MessageGenerator - Generated: message_905.json
12:46:52.062 [main] INFO  r.s.p.generator.MessageGenerator - Generated: message_906.json
12:46:52.063 [main] INFO  r.s.p.generator.MessageGenerator - Generated: message_907.json
12:46:52.064 [main] INFO  r.s.p.generator.MessageGenerator - Generated: message_908.json
12:46:52.064 [main] INFO  r.s.p.generator.MessageGenerator - Generated: message_909.json
12:46:52.065 [main] INFO  r.s.p.generator.MessageGenerator - Generated: message_910.json
12:46:52.066 [main] INFO  r.s.p.generator.MessageGenerator - Generated: message_911.json
12:46:52.067 [main] INFO  r.s.p.generator.MessageGenerator - Generated: message_912.json
12:46:52.067 [main] INFO  r.s.p.generator.MessageGenerator - Generated: message_913.json
12:46:52.068 [main] INFO  r.s.p.generator.MessageGenerator - Generated: message_914.json
12:46:52.069 [main] INFO  r.s.p.generator.MessageGenerator - Generated: message_915.json
12:46:52.070 [main] INFO  r.s.p.generator.MessageGenerator - Generated: message_916.json
12:46:52.070 [main] INFO  r.s.p.generator.MessageGenerator - Generated: message_917.json
12:46:52.071 [main] INFO  r.s.p.generator.MessageGenerator - Generated: message_918.json
12:46:52.073 [main] INFO  r.s.p.generator.MessageGenerator - Generated: message_919.json
12:46:52.074 [main] INFO  r.s.p.generator.MessageGenerator - Generated: message_920.json
12:46:52.075 [main] INFO  r.s.p.generator.MessageGenerator - Generated: message_921.json
12:46:52.076 [main] INFO  r.s.p.generator.MessageGenerator - Generated: message_922.json
12:46:52.076 [main] INFO  r.s.p.generator.MessageGenerator - Generated: message_923.json
12:46:52.077 [main] INFO  r.s.p.generator.MessageGenerator - Generated: message_924.json
12:46:52.078 [main] INFO  r.s.p.generator.MessageGenerator - Generated: message_925.json
12:46:52.079 [main] INFO  r.s.p.generator.MessageGenerator - Generated: message_926.json
12:46:52.080 [main] INFO  r.s.p.generator.MessageGenerator - Generated: message_927.json
12:46:52.081 [main] INFO  r.s.p.generator.MessageGenerator - Generated: message_928.json
12:46:52.082 [main] INFO  r.s.p.generator.MessageGenerator - Generated: message_929.json
12:46:52.083 [main] INFO  r.s.p.generator.MessageGenerator - Generated: message_930.json
12:46:52.084 [main] INFO  r.s.p.generator.MessageGenerator - Generated: message_931.json
12:46:52.085 [main] INFO  r.s.p.generator.MessageGenerator - Generated: message_932.json
12:46:52.086 [main] INFO  r.s.p.generator.MessageGenerator - Generated: message_933.json
12:46:52.087 [main] INFO  r.s.p.generator.MessageGenerator - Generated: message_934.json
12:46:52.088 [main] INFO  r.s.p.generator.MessageGenerator - Generated: message_935.json
12:46:52.089 [main] INFO  r.s.p.generator.MessageGenerator - Generated: message_936.json
12:46:52.092 [main] INFO  r.s.p.generator.MessageGenerator - Generated: message_937.json
12:46:52.093 [main] INFO  r.s.p.generator.MessageGenerator - Generated: message_938.json
12:46:52.094 [main] INFO  r.s.p.generator.MessageGenerator - Generated: message_939.json
12:46:52.095 [main] INFO  r.s.p.generator.MessageGenerator - Generated: message_940.json
12:46:52.096 [main] INFO  r.s.p.generator.MessageGenerator - Generated: message_941.json
12:46:52.097 [main] INFO  r.s.p.generator.MessageGenerator - Generated: message_942.json
12:46:52.098 [main] INFO  r.s.p.generator.MessageGenerator - Generated: message_943.json
12:46:52.099 [main] INFO  r.s.p.generator.MessageGenerator - Generated: message_944.json
12:46:52.100 [main] INFO  r.s.p.generator.MessageGenerator - Generated: message_945.json
12:46:52.101 [main] INFO  r.s.p.generator.MessageGenerator - Generated: message_946.json
12:46:52.101 [main] INFO  r.s.p.generator.MessageGenerator - Generated: message_947.json
12:46:52.102 [main] INFO  r.s.p.generator.MessageGenerator - Generated: message_948.json
12:46:52.103 [main] INFO  r.s.p.generator.MessageGenerator - Generated: message_949.json
12:46:52.104 [main] INFO  r.s.p.generator.MessageGenerator - Generated: message_950.json
12:46:52.105 [main] INFO  r.s.p.generator.MessageGenerator - Generated: message_951.json
12:46:52.105 [main] INFO  r.s.p.generator.MessageGenerator - Generated: message_952.json
12:46:52.106 [main] INFO  r.s.p.generator.MessageGenerator - Generated: message_953.json
12:46:52.107 [main] INFO  r.s.p.generator.MessageGenerator - Generated: message_954.json
12:46:52.108 [main] INFO  r.s.p.generator.MessageGenerator - Generated: message_955.json
12:46:52.109 [main] INFO  r.s.p.generator.MessageGenerator - Generated: message_956.json
12:46:52.110 [main] INFO  r.s.p.generator.MessageGenerator - Generated: message_957.json
12:46:52.110 [main] INFO  r.s.p.generator.MessageGenerator - Generated: message_958.json
12:46:52.111 [main] INFO  r.s.p.generator.MessageGenerator - Generated: message_959.json
12:46:52.112 [main] INFO  r.s.p.generator.MessageGenerator - Generated: message_960.json
12:46:52.113 [main] INFO  r.s.p.generator.MessageGenerator - Generated: message_961.json
12:46:52.114 [main] INFO  r.s.p.generator.MessageGenerator - Generated: message_962.json
12:46:52.115 [main] INFO  r.s.p.generator.MessageGenerator - Generated: message_963.json
12:46:52.116 [main] INFO  r.s.p.generator.MessageGenerator - Generated: message_964.json
12:46:52.117 [main] INFO  r.s.p.generator.MessageGenerator - Generated: message_965.json
12:46:52.126 [main] INFO  r.s.p.generator.MessageGenerator - Generated: message_966.json
12:46:52.127 [main] INFO  r.s.p.generator.MessageGenerator - Generated: message_967.json
12:46:52.129 [main] INFO  r.s.p.generator.MessageGenerator - Generated: message_968.json
12:46:52.130 [main] INFO  r.s.p.generator.MessageGenerator - Generated: message_969.json
12:46:52.131 [main] INFO  r.s.p.generator.MessageGenerator - Generated: message_970.json
12:46:52.132 [main] INFO  r.s.p.generator.MessageGenerator - Generated: message_971.json
12:46:52.133 [main] INFO  r.s.p.generator.MessageGenerator - Generated: message_972.json
12:46:52.134 [main] INFO  r.s.p.generator.MessageGenerator - Generated: message_973.json
12:46:52.135 [main] INFO  r.s.p.generator.MessageGenerator - Generated: message_974.json
12:46:52.135 [main] INFO  r.s.p.generator.MessageGenerator - Generated: message_975.json
12:46:52.136 [main] INFO  r.s.p.generator.MessageGenerator - Generated: message_976.json
12:46:52.138 [main] INFO  r.s.p.generator.MessageGenerator - Generated: message_977.json
12:46:52.138 [main] INFO  r.s.p.generator.MessageGenerator - Generated: message_978.json
12:46:52.139 [main] INFO  r.s.p.generator.MessageGenerator - Generated: message_979.json
12:46:52.141 [main] INFO  r.s.p.generator.MessageGenerator - Generated: message_980.json
12:46:52.142 [main] INFO  r.s.p.generator.MessageGenerator - Generated: message_981.json
12:46:52.143 [main] INFO  r.s.p.generator.MessageGenerator - Generated: message_982.json
12:46:52.144 [main] INFO  r.s.p.generator.MessageGenerator - Generated: message_983.json
12:46:52.144 [main] INFO  r.s.p.generator.MessageGenerator - Generated: message_984.json
12:46:52.145 [main] INFO  r.s.p.generator.MessageGenerator - Generated: message_985.json
12:46:52.146 [main] INFO  r.s.p.generator.MessageGenerator - Generated: message_986.json
12:46:52.147 [main] INFO  r.s.p.generator.MessageGenerator - Generated: message_987.json
12:46:52.147 [main] INFO  r.s.p.generator.MessageGenerator - Generated: message_988.json
12:46:52.148 [main] INFO  r.s.p.generator.MessageGenerator - Generated: message_989.json
12:46:52.149 [main] INFO  r.s.p.generator.MessageGenerator - Generated: message_990.json
12:46:52.150 [main] INFO  r.s.p.generator.MessageGenerator - Generated: message_991.json
12:46:52.151 [main] INFO  r.s.p.generator.MessageGenerator - Generated: message_992.json
12:46:52.152 [main] INFO  r.s.p.generator.MessageGenerator - Generated: message_993.json
12:46:52.154 [main] INFO  r.s.p.generator.MessageGenerator - Generated: message_994.json
12:46:52.154 [main] INFO  r.s.p.generator.MessageGenerator - Generated: message_995.json
12:46:52.155 [main] INFO  r.s.p.generator.MessageGenerator - Generated: message_996.json
12:46:52.156 [main] INFO  r.s.p.generator.MessageGenerator - Generated: message_997.json
12:46:52.157 [main] INFO  r.s.p.generator.MessageGenerator - Generated: message_998.json
12:46:52.158 [main] INFO  r.s.p.generator.MessageGenerator - Generated: message_999.json
12:46:52.159 [main] INFO  r.s.p.generator.MessageGenerator - Generated: message_1000.json
12:46:52.159 [main] INFO  r.s.p.generator.MessageGenerator - Total messages generated: 1000
12:46:52.159 [main] INFO  Application - Generated 1000 messages saved to: /home/portos/messages
